[1.127s] Invoking command in '/home/samx/ros2_ws/src/mypkg': PYTHONPATH=/home/samx/ros2_ws/build/mypkg/prefix_override:/home/samx/ros2_ws/install/mypkg/lib/python3.8/site-packages:${PYTHONPATH} /usr/bin/python3 setup.py egg_info --egg-base ../../build/mypkg build --build-base /home/samx/ros2_ws/build/mypkg/build install --record /home/samx/ros2_ws/build/mypkg/install.log --install-scripts $base/lib/mypkg --single-version-externally-managed
[1.359s] running egg_info
[1.360s] creating ../../build/mypkg/mypkg.egg-info
[1.360s] writing ../../build/mypkg/mypkg.egg-info/PKG-INFO
[1.361s] writing dependency_links to ../../build/mypkg/mypkg.egg-info/dependency_links.txt
[1.361s] writing entry points to ../../build/mypkg/mypkg.egg-info/entry_points.txt
[1.361s] writing requirements to ../../build/mypkg/mypkg.egg-info/requires.txt
[1.361s] writing top-level names to ../../build/mypkg/mypkg.egg-info/top_level.txt
[1.364s] writing manifest file '../../build/mypkg/mypkg.egg-info/SOURCES.txt'
[1.406s] reading manifest file '../../build/mypkg/mypkg.egg-info/SOURCES.txt'
[1.407s] writing manifest file '../../build/mypkg/mypkg.egg-info/SOURCES.txt'
[1.408s] running build
[1.408s] running build_py
[1.409s] creating /home/samx/ros2_ws/build/mypkg/build
[1.409s] creating /home/samx/ros2_ws/build/mypkg/build/lib
[1.410s] creating /home/samx/ros2_ws/build/mypkg/build/lib/mypkg
[1.410s] copying mypkg/__init__.py -> /home/samx/ros2_ws/build/mypkg/build/lib/mypkg
[1.411s] running install
[1.411s] running install_lib
[1.412s] creating /home/samx/ros2_ws/install/mypkg/lib/python3.8/site-packages/mypkg
[1.413s] copying /home/samx/ros2_ws/build/mypkg/build/lib/mypkg/__init__.py -> /home/samx/ros2_ws/install/mypkg/lib/python3.8/site-packages/mypkg
[1.414s] byte-compiling /home/samx/ros2_ws/install/mypkg/lib/python3.8/site-packages/mypkg/__init__.py to __init__.cpython-38.pyc
[1.416s] running install_data
[1.417s] creating /home/samx/ros2_ws/install/mypkg/share/ament_index
[1.417s] creating /home/samx/ros2_ws/install/mypkg/share/ament_index/resource_index
[1.418s] creating /home/samx/ros2_ws/install/mypkg/share/ament_index/resource_index/packages
[1.418s] copying resource/mypkg -> /home/samx/ros2_ws/install/mypkg/share/ament_index/resource_index/packages
[1.419s] copying package.xml -> /home/samx/ros2_ws/install/mypkg/share/mypkg
[1.419s] running install_egg_info
[1.421s] Copying ../../build/mypkg/mypkg.egg-info to /home/samx/ros2_ws/install/mypkg/lib/python3.8/site-packages/mypkg-0.0.0-py3.8.egg-info
[1.423s] running install_scripts
[1.445s] writing list of installed files to '/home/samx/ros2_ws/build/mypkg/install.log'
[1.474s] Invoked command in '/home/samx/ros2_ws/src/mypkg' returned '0': PYTHONPATH=/home/samx/ros2_ws/build/mypkg/prefix_override:/home/samx/ros2_ws/install/mypkg/lib/python3.8/site-packages:${PYTHONPATH} /usr/bin/python3 setup.py egg_info --egg-base ../../build/mypkg build --build-base /home/samx/ros2_ws/build/mypkg/build install --record /home/samx/ros2_ws/build/mypkg/install.log --install-scripts $base/lib/mypkg --single-version-externally-managed
