[2.451s] DEBUG:colcon:Command line arguments: ['/usr/bin/colcon', 'build']
[2.451s] DEBUG:colcon:Parsed command line arguments: Namespace(allow_overriding=[], ament_cmake_args=None, base_paths=['.'], build_base='build', catkin_cmake_args=None, catkin_skip_building_tests=False, cmake_args=None, cmake_clean_cache=False, cmake_clean_first=False, cmake_force_configure=False, cmake_target=None, cmake_target_skip_unavailable=False, continue_on_error=False, event_handlers=None, executor='parallel', ignore_user_meta=False, install_base='install', log_base=None, log_level=None, main=<bound method BuildVerb.main of <colcon_core.verb.build.BuildVerb object at 0x7fd769f8aac0>>, merge_install=False, metas=['./colcon.meta'], packages_above=None, packages_above_and_dependencies=None, packages_above_depth=None, packages_end=None, packages_ignore=None, packages_ignore_regex=None, packages_select=None, packages_select_build_failed=False, packages_select_by_dep=None, packages_select_regex=None, packages_select_test_failures=False, packages_skip=None, packages_skip_build_finished=False, packages_skip_by_dep=None, packages_skip_regex=None, packages_skip_test_passed=False, packages_skip_up_to=None, packages_start=None, packages_up_to=None, packages_up_to_regex=None, parallel_workers=16, paths=None, symlink_install=False, test_result_base=None, verb_extension=<colcon_core.verb.build.BuildVerb object at 0x7fd769f8aac0>, verb_name='build', verb_parser=<colcon_defaults.argument_parser.defaults.DefaultArgumentsDecorator object at 0x7fd769b71cd0>)
[2.570s] Level 1:colcon.colcon_core.package_discovery:discover_packages(colcon_meta) check parameters
[2.570s] Level 1:colcon.colcon_core.package_discovery:discover_packages(recursive) check parameters
[2.570s] Level 1:colcon.colcon_core.package_discovery:discover_packages(ignore) check parameters
[2.570s] Level 1:colcon.colcon_core.package_discovery:discover_packages(path) check parameters
[2.570s] Level 1:colcon.colcon_core.package_discovery:discover_packages(colcon_meta) discover
[2.570s] Level 1:colcon.colcon_core.package_discovery:discover_packages(recursive) discover
[2.570s] INFO:colcon.colcon_core.package_discovery:Crawling recursively for packages in '/home/samx/ros2_ws'
[2.570s] Level 1:colcon.colcon_core.package_identification:_identify(.) by extensions ['ignore', 'ignore_ament_install']
[2.571s] Level 1:colcon.colcon_core.package_identification:_identify(.) by extension 'ignore'
[2.571s] Level 1:colcon.colcon_core.package_identification:_identify(.) by extension 'ignore_ament_install'
[2.571s] Level 1:colcon.colcon_core.package_identification:_identify(.) by extensions ['colcon_pkg']
[2.571s] Level 1:colcon.colcon_core.package_identification:_identify(.) by extension 'colcon_pkg'
[2.571s] Level 1:colcon.colcon_core.package_identification:_identify(.) by extensions ['colcon_meta']
[2.571s] Level 1:colcon.colcon_core.package_identification:_identify(.) by extension 'colcon_meta'
[2.571s] Level 1:colcon.colcon_core.package_identification:_identify(.) by extensions ['ros']
[2.571s] Level 1:colcon.colcon_core.package_identification:_identify(.) by extension 'ros'
[2.587s] Level 1:colcon.colcon_core.package_identification:_identify(.) by extensions ['cmake', 'python']
[2.587s] Level 1:colcon.colcon_core.package_identification:_identify(.) by extension 'cmake'
[2.587s] Level 1:colcon.colcon_core.package_identification:_identify(.) by extension 'python'
[2.587s] Level 1:colcon.colcon_core.package_identification:_identify(.) by extensions ['python_setup_py']
[2.587s] Level 1:colcon.colcon_core.package_identification:_identify(.) by extension 'python_setup_py'
[2.587s] Level 1:colcon.colcon_core.package_identification:_identify(build) by extensions ['ignore', 'ignore_ament_install']
[2.587s] Level 1:colcon.colcon_core.package_identification:_identify(build) by extension 'ignore'
[2.587s] Level 1:colcon.colcon_core.package_identification:_identify(build) ignored
[2.588s] Level 1:colcon.colcon_core.package_identification:_identify(install) by extensions ['ignore', 'ignore_ament_install']
[2.588s] Level 1:colcon.colcon_core.package_identification:_identify(install) by extension 'ignore'
[2.588s] Level 1:colcon.colcon_core.package_identification:_identify(install) ignored
[2.588s] Level 1:colcon.colcon_core.package_identification:_identify(log) by extensions ['ignore', 'ignore_ament_install']
[2.588s] Level 1:colcon.colcon_core.package_identification:_identify(log) by extension 'ignore'
[2.588s] Level 1:colcon.colcon_core.package_identification:_identify(log) ignored
[2.588s] Level 1:colcon.colcon_core.package_identification:_identify(src) by extensions ['ignore', 'ignore_ament_install']
[2.588s] Level 1:colcon.colcon_core.package_identification:_identify(src) by extension 'ignore'
[2.588s] Level 1:colcon.colcon_core.package_identification:_identify(src) by extension 'ignore_ament_install'
[2.588s] Level 1:colcon.colcon_core.package_identification:_identify(src) by extensions ['colcon_pkg']
[2.588s] Level 1:colcon.colcon_core.package_identification:_identify(src) by extension 'colcon_pkg'
[2.588s] Level 1:colcon.colcon_core.package_identification:_identify(src) by extensions ['colcon_meta']
[2.588s] Level 1:colcon.colcon_core.package_identification:_identify(src) by extension 'colcon_meta'
[2.588s] Level 1:colcon.colcon_core.package_identification:_identify(src) by extensions ['ros']
[2.588s] Level 1:colcon.colcon_core.package_identification:_identify(src) by extension 'ros'
[2.589s] Level 1:colcon.colcon_core.package_identification:_identify(src) by extensions ['cmake', 'python']
[2.589s] Level 1:colcon.colcon_core.package_identification:_identify(src) by extension 'cmake'
[2.589s] Level 1:colcon.colcon_core.package_identification:_identify(src) by extension 'python'
[2.589s] Level 1:colcon.colcon_core.package_identification:_identify(src) by extensions ['python_setup_py']
[2.589s] Level 1:colcon.colcon_core.package_identification:_identify(src) by extension 'python_setup_py'
[2.589s] Level 1:colcon.colcon_core.package_identification:_identify(src/mypkg) by extensions ['ignore', 'ignore_ament_install']
[2.589s] Level 1:colcon.colcon_core.package_identification:_identify(src/mypkg) by extension 'ignore'
[2.589s] Level 1:colcon.colcon_core.package_identification:_identify(src/mypkg) by extension 'ignore_ament_install'
[2.589s] Level 1:colcon.colcon_core.package_identification:_identify(src/mypkg) by extensions ['colcon_pkg']
[2.589s] Level 1:colcon.colcon_core.package_identification:_identify(src/mypkg) by extension 'colcon_pkg'
[2.589s] Level 1:colcon.colcon_core.package_identification:_identify(src/mypkg) by extensions ['colcon_meta']
[2.589s] Level 1:colcon.colcon_core.package_identification:_identify(src/mypkg) by extension 'colcon_meta'
[2.589s] Level 1:colcon.colcon_core.package_identification:_identify(src/mypkg) by extensions ['ros']
[2.589s] Level 1:colcon.colcon_core.package_identification:_identify(src/mypkg) by extension 'ros'
[2.592s] DEBUG:colcon.colcon_core.package_identification:Package 'src/mypkg' with type 'ros.ament_python' and name 'mypkg'
[2.592s] Level 1:colcon.colcon_core.package_identification:_identify(src/person_msgs) by extensions ['ignore', 'ignore_ament_install']
[2.593s] Level 1:colcon.colcon_core.package_identification:_identify(src/person_msgs) by extension 'ignore'
[2.593s] Level 1:colcon.colcon_core.package_identification:_identify(src/person_msgs) by extension 'ignore_ament_install'
[2.593s] Level 1:colcon.colcon_core.package_identification:_identify(src/person_msgs) by extensions ['colcon_pkg']
[2.593s] Level 1:colcon.colcon_core.package_identification:_identify(src/person_msgs) by extension 'colcon_pkg'
[2.593s] Level 1:colcon.colcon_core.package_identification:_identify(src/person_msgs) by extensions ['colcon_meta']
[2.593s] Level 1:colcon.colcon_core.package_identification:_identify(src/person_msgs) by extension 'colcon_meta'
[2.593s] Level 1:colcon.colcon_core.package_identification:_identify(src/person_msgs) by extensions ['ros']
[2.593s] Level 1:colcon.colcon_core.package_identification:_identify(src/person_msgs) by extension 'ros'
[2.594s] DEBUG:colcon.colcon_core.package_identification:Package 'src/person_msgs' with type 'ros.ament_cmake' and name 'person_msgs'
[2.594s] Level 1:colcon.colcon_core.package_discovery:discover_packages(recursive) using defaults
[2.594s] Level 1:colcon.colcon_core.package_discovery:discover_packages(ignore) discover
[2.594s] Level 1:colcon.colcon_core.package_discovery:discover_packages(ignore) using defaults
[2.594s] Level 1:colcon.colcon_core.package_discovery:discover_packages(path) discover
[2.594s] Level 1:colcon.colcon_core.package_discovery:discover_packages(path) using defaults
[2.798s] Level 1:colcon.colcon_core.package_discovery:discover_packages(prefix_path) check parameters
[2.798s] Level 1:colcon.colcon_core.package_discovery:discover_packages(prefix_path) discover
[2.872s] DEBUG:colcon.colcon_installed_package_information.package_discovery:Found 1 installed packages in /home/samx/ros2_ws/install
[2.910s] DEBUG:colcon.colcon_installed_package_information.package_discovery:Found 256 installed packages in /opt/ros/foxy
[2.911s] Level 1:colcon.colcon_core.package_discovery:discover_packages(prefix_path) using defaults
[3.083s] Level 5:colcon.colcon_core.verb:set package 'mypkg' build argument 'cmake_args' from command line to 'None'
[3.083s] Level 5:colcon.colcon_core.verb:set package 'mypkg' build argument 'cmake_target' from command line to 'None'
[3.083s] Level 5:colcon.colcon_core.verb:set package 'mypkg' build argument 'cmake_target_skip_unavailable' from command line to 'False'
[3.083s] Level 5:colcon.colcon_core.verb:set package 'mypkg' build argument 'cmake_clean_cache' from command line to 'False'
[3.083s] Level 5:colcon.colcon_core.verb:set package 'mypkg' build argument 'cmake_clean_first' from command line to 'False'
[3.083s] Level 5:colcon.colcon_core.verb:set package 'mypkg' build argument 'cmake_force_configure' from command line to 'False'
[3.083s] Level 5:colcon.colcon_core.verb:set package 'mypkg' build argument 'ament_cmake_args' from command line to 'None'
[3.083s] Level 5:colcon.colcon_core.verb:set package 'mypkg' build argument 'catkin_cmake_args' from command line to 'None'
[3.083s] Level 5:colcon.colcon_core.verb:set package 'mypkg' build argument 'catkin_skip_building_tests' from command line to 'False'
[3.083s] DEBUG:colcon.colcon_core.verb:Building package 'mypkg' with the following arguments: {'ament_cmake_args': None, 'build_base': '/home/samx/ros2_ws/build/mypkg', 'catkin_cmake_args': None, 'catkin_skip_building_tests': False, 'cmake_args': None, 'cmake_clean_cache': False, 'cmake_clean_first': False, 'cmake_force_configure': False, 'cmake_target': None, 'cmake_target_skip_unavailable': False, 'install_base': '/home/samx/ros2_ws/install/mypkg', 'merge_install': False, 'path': '/home/samx/ros2_ws/src/mypkg', 'symlink_install': False, 'test_result_base': None}
[3.123s] Level 5:colcon.colcon_core.verb:set package 'person_msgs' build argument 'cmake_args' from command line to 'None'
[3.123s] Level 5:colcon.colcon_core.verb:set package 'person_msgs' build argument 'cmake_target' from command line to 'None'
[3.123s] Level 5:colcon.colcon_core.verb:set package 'person_msgs' build argument 'cmake_target_skip_unavailable' from command line to 'False'
[3.123s] Level 5:colcon.colcon_core.verb:set package 'person_msgs' build argument 'cmake_clean_cache' from command line to 'False'
[3.123s] Level 5:colcon.colcon_core.verb:set package 'person_msgs' build argument 'cmake_clean_first' from command line to 'False'
[3.123s] Level 5:colcon.colcon_core.verb:set package 'person_msgs' build argument 'cmake_force_configure' from command line to 'False'
[3.123s] Level 5:colcon.colcon_core.verb:set package 'person_msgs' build argument 'ament_cmake_args' from command line to 'None'
[3.123s] Level 5:colcon.colcon_core.verb:set package 'person_msgs' build argument 'catkin_cmake_args' from command line to 'None'
[3.123s] Level 5:colcon.colcon_core.verb:set package 'person_msgs' build argument 'catkin_skip_building_tests' from command line to 'False'
[3.123s] DEBUG:colcon.colcon_core.verb:Building package 'person_msgs' with the following arguments: {'ament_cmake_args': None, 'build_base': '/home/samx/ros2_ws/build/person_msgs', 'catkin_cmake_args': None, 'catkin_skip_building_tests': False, 'cmake_args': None, 'cmake_clean_cache': False, 'cmake_clean_first': False, 'cmake_force_configure': False, 'cmake_target': None, 'cmake_target_skip_unavailable': False, 'install_base': '/home/samx/ros2_ws/install/person_msgs', 'merge_install': False, 'path': '/home/samx/ros2_ws/src/person_msgs', 'symlink_install': False, 'test_result_base': None}
[3.162s] INFO:colcon.colcon_core.executor:Executing jobs using 'parallel' executor
[3.199s] DEBUG:colcon.colcon_parallel_executor.executor.parallel:run_until_complete
[3.199s] INFO:colcon.colcon_ros.task.ament_python.build:Building ROS package in '/home/samx/ros2_ws/src/mypkg' with build type 'ament_python'
[3.200s] Level 1:colcon.colcon_core.shell:create_environment_hook('mypkg', 'ament_prefix_path')
[3.242s] INFO:colcon.colcon_core.plugin_system:Skipping extension 'colcon_core.shell.bat': Not used on non-Windows systems
[3.242s] INFO:colcon.colcon_core.shell:Creating environment hook '/home/samx/ros2_ws/install/mypkg/share/mypkg/hook/ament_prefix_path.ps1'
[3.243s] INFO:colcon.colcon_core.shell:Creating environment descriptor '/home/samx/ros2_ws/install/mypkg/share/mypkg/hook/ament_prefix_path.dsv'
[3.244s] INFO:colcon.colcon_core.shell:Creating environment hook '/home/samx/ros2_ws/install/mypkg/share/mypkg/hook/ament_prefix_path.sh'
[3.284s] INFO:colcon.colcon_core.shell:Skip shell extension 'powershell' for command environment: Not usable outside of PowerShell
[3.284s] DEBUG:colcon.colcon_core.shell:Skip shell extension 'dsv' for command environment
[3.408s] INFO:colcon.colcon_ros.task.ament_cmake.build:Building ROS package in '/home/samx/ros2_ws/src/person_msgs' with build type 'ament_cmake'
[3.409s] INFO:colcon.colcon_cmake.task.cmake.build:Building CMake package in '/home/samx/ros2_ws/src/person_msgs'
[3.454s] INFO:colcon.colcon_core.shell:Skip shell extension 'powershell' for command environment: Not usable outside of PowerShell
[3.455s] DEBUG:colcon.colcon_core.shell:Skip shell extension 'dsv' for command environment
[3.824s] INFO:colcon.colcon_core.task.python.build:Building Python package in '/home/samx/ros2_ws/src/mypkg'
[3.864s] INFO:colcon.colcon_core.shell:Skip shell extension 'powershell' for command environment: Not usable outside of PowerShell
[3.864s] DEBUG:colcon.colcon_core.shell:Skip shell extension 'dsv' for command environment
[3.996s] DEBUG:colcon.colcon_core.event_handler.log_command:Invoking command in '/home/samx/ros2_ws/build/person_msgs': CMAKE_PREFIX_PATH=/home/samx/ros2_ws/install/mypkg:/opt/ros/foxy /usr/bin/cmake /home/samx/ros2_ws/src/person_msgs -DCMAKE_INSTALL_PREFIX=/home/samx/ros2_ws/install/person_msgs
[4.527s] DEBUG:colcon.colcon_core.event_handler.log_command:Invoking command in '/home/samx/ros2_ws/src/mypkg': PYTHONPATH=/home/samx/ros2_ws/build/mypkg/prefix_override:/home/samx/ros2_ws/install/mypkg/lib/python3.8/site-packages:${PYTHONPATH} /usr/bin/python3 setup.py egg_info --egg-base ../../build/mypkg build --build-base /home/samx/ros2_ws/build/mypkg/build install --record /home/samx/ros2_ws/build/mypkg/install.log --install-scripts $base/lib/mypkg --single-version-externally-managed
[4.909s] DEBUG:colcon.colcon_core.event_handler.log_command:Invoked command in '/home/samx/ros2_ws/src/mypkg' returned '0': PYTHONPATH=/home/samx/ros2_ws/build/mypkg/prefix_override:/home/samx/ros2_ws/install/mypkg/lib/python3.8/site-packages:${PYTHONPATH} /usr/bin/python3 setup.py egg_info --egg-base ../../build/mypkg build --build-base /home/samx/ros2_ws/build/mypkg/build install --record /home/samx/ros2_ws/build/mypkg/install.log --install-scripts $base/lib/mypkg --single-version-externally-managed
[4.958s] Level 1:colcon.colcon_core.environment:checking '/home/samx/ros2_ws/install/mypkg' for CMake module files
[4.958s] Level 1:colcon.colcon_core.environment:checking '/home/samx/ros2_ws/install/mypkg' for CMake config files
[4.959s] Level 1:colcon.colcon_core.environment:checking '/home/samx/ros2_ws/install/mypkg/lib'
[4.960s] Level 1:colcon.colcon_core.environment:checking '/home/samx/ros2_ws/install/mypkg/bin'
[4.960s] Level 1:colcon.colcon_core.environment:checking '/home/samx/ros2_ws/install/mypkg/lib/pkgconfig/mypkg.pc'
[4.960s] Level 1:colcon.colcon_core.environment:checking '/home/samx/ros2_ws/install/mypkg/lib/python3.8/site-packages'
[4.960s] Level 1:colcon.colcon_core.shell:create_environment_hook('mypkg', 'pythonpath')
[5.014s] INFO:colcon.colcon_core.shell:Creating environment hook '/home/samx/ros2_ws/install/mypkg/share/mypkg/hook/pythonpath.ps1'
[5.016s] INFO:colcon.colcon_core.shell:Creating environment descriptor '/home/samx/ros2_ws/install/mypkg/share/mypkg/hook/pythonpath.dsv'
[5.016s] INFO:colcon.colcon_core.shell:Creating environment hook '/home/samx/ros2_ws/install/mypkg/share/mypkg/hook/pythonpath.sh'
[5.017s] Level 1:colcon.colcon_core.environment:checking '/home/samx/ros2_ws/install/mypkg/bin'
[5.017s] Level 1:colcon.colcon_core.environment:create_environment_scripts_only(mypkg)
[5.062s] INFO:colcon.colcon_core.shell:Creating package script '/home/samx/ros2_ws/install/mypkg/share/mypkg/package.ps1'
[5.063s] INFO:colcon.colcon_core.shell:Creating package descriptor '/home/samx/ros2_ws/install/mypkg/share/mypkg/package.dsv'
[5.064s] INFO:colcon.colcon_core.shell:Creating package script '/home/samx/ros2_ws/install/mypkg/share/mypkg/package.sh'
[5.066s] INFO:colcon.colcon_core.shell:Creating package script '/home/samx/ros2_ws/install/mypkg/share/mypkg/package.bash'
[5.066s] INFO:colcon.colcon_core.shell:Creating package script '/home/samx/ros2_ws/install/mypkg/share/mypkg/package.zsh'
[5.067s] Level 1:colcon.colcon_core.environment:create_file_with_runtime_dependencies(/home/samx/ros2_ws/install/mypkg/share/colcon-core/packages/mypkg)
[10.140s] DEBUG:colcon.colcon_core.event_handler.log_command:Invoked command in '/home/samx/ros2_ws/build/person_msgs' returned '1': CMAKE_PREFIX_PATH=/home/samx/ros2_ws/install/mypkg:/opt/ros/foxy /usr/bin/cmake /home/samx/ros2_ws/src/person_msgs -DCMAKE_INSTALL_PREFIX=/home/samx/ros2_ws/install/person_msgs
[10.155s] Level 1:colcon.colcon_core.environment:create_environment_scripts_only(person_msgs)
[10.199s] Level 1:colcon.colcon_core.environment:checking '/home/samx/ros2_ws/install/person_msgs' for CMake module files
[10.199s] Level 1:colcon.colcon_core.environment:checking '/home/samx/ros2_ws/install/person_msgs' for CMake config files
[10.199s] Level 1:colcon.colcon_core.environment:checking '/home/samx/ros2_ws/install/person_msgs/bin'
[10.200s] Level 1:colcon.colcon_core.environment:checking '/home/samx/ros2_ws/install/person_msgs/lib/pkgconfig/person_msgs.pc'
[10.200s] Level 1:colcon.colcon_core.environment:checking '/home/samx/ros2_ws/install/person_msgs/lib/python3.8/site-packages'
[10.200s] Level 1:colcon.colcon_core.environment:checking '/home/samx/ros2_ws/install/person_msgs/bin'
[10.245s] INFO:colcon.colcon_core.shell:Creating package script '/home/samx/ros2_ws/install/person_msgs/share/person_msgs/package.ps1'
[10.246s] INFO:colcon.colcon_core.shell:Creating package descriptor '/home/samx/ros2_ws/install/person_msgs/share/person_msgs/package.dsv'
[10.247s] INFO:colcon.colcon_core.shell:Creating package script '/home/samx/ros2_ws/install/person_msgs/share/person_msgs/package.sh'
[10.247s] INFO:colcon.colcon_core.shell:Creating package script '/home/samx/ros2_ws/install/person_msgs/share/person_msgs/package.bash'
[10.248s] INFO:colcon.colcon_core.shell:Creating package script '/home/samx/ros2_ws/install/person_msgs/share/person_msgs/package.zsh'
[10.248s] Level 1:colcon.colcon_core.environment:create_file_with_runtime_dependencies(/home/samx/ros2_ws/install/person_msgs/share/colcon-core/packages/person_msgs)
[10.259s] DEBUG:colcon.colcon_parallel_executor.executor.parallel:closing loop
[10.259s] DEBUG:colcon.colcon_parallel_executor.executor.parallel:loop closed
[10.259s] DEBUG:colcon.colcon_parallel_executor.executor.parallel:run_until_complete finished with '1'
[10.259s] DEBUG:colcon.colcon_core.event_reactor:joining thread
[10.342s] INFO:colcon.colcon_core.plugin_system:Skipping extension 'colcon_notification.desktop_notification.notify_send': Could not find 'notify-send'
[10.342s] INFO:colcon.colcon_core.plugin_system:Skipping extension 'colcon_notification.desktop_notification.terminal_notifier': Not used on non-Darwin systems
[10.342s] INFO:colcon.colcon_core.plugin_system:Skipping extension 'colcon_notification.desktop_notification.win32': Not used on non-Windows systems
[10.342s] INFO:colcon.colcon_notification.desktop_notification:Sending desktop notification using 'notify2'
[10.349s] DEBUG:colcon.colcon_notification.desktop_notification.notify2:Failed to initialize notify2: org.freedesktop.DBus.Error.ServiceUnknown: The name org.freedesktop.Notifications was not provided by any .service files
[10.349s] DEBUG:colcon.colcon_core.event_reactor:joined thread
[10.392s] INFO:colcon.colcon_core.shell:Creating prefix script '/home/samx/ros2_ws/install/local_setup.ps1'
[10.393s] INFO:colcon.colcon_core.shell:Creating prefix util module '/home/samx/ros2_ws/install/_local_setup_util_ps1.py'
[10.395s] INFO:colcon.colcon_core.shell:Creating prefix chain script '/home/samx/ros2_ws/install/setup.ps1'
[10.442s] INFO:colcon.colcon_core.shell:Creating prefix script '/home/samx/ros2_ws/install/local_setup.sh'
[10.442s] INFO:colcon.colcon_core.shell:Creating prefix util module '/home/samx/ros2_ws/install/_local_setup_util_sh.py'
[10.443s] INFO:colcon.colcon_core.shell:Creating prefix chain script '/home/samx/ros2_ws/install/setup.sh'
[10.482s] INFO:colcon.colcon_core.shell:Creating prefix script '/home/samx/ros2_ws/install/local_setup.bash'
[10.483s] INFO:colcon.colcon_core.shell:Creating prefix chain script '/home/samx/ros2_ws/install/setup.bash'
[10.521s] INFO:colcon.colcon_core.shell:Creating prefix script '/home/samx/ros2_ws/install/local_setup.zsh'
[10.521s] INFO:colcon.colcon_core.shell:Creating prefix chain script '/home/samx/ros2_ws/install/setup.zsh'
