[1.496s] Invoking command in '/home/samx/ros2_ws/src/mypkg': PYTHONPATH=/home/samx/ros2_ws/build/mypkg/prefix_override:/home/samx/ros2_ws/install/mypkg/lib/python3.8/site-packages:${PYTHONPATH} /usr/bin/python3 setup.py egg_info --egg-base ../../build/mypkg build --build-base /home/samx/ros2_ws/build/mypkg/build install --record /home/samx/ros2_ws/build/mypkg/install.log --install-scripts $base/lib/mypkg --single-version-externally-managed
[1.750s] running egg_info
[1.751s] writing ../../build/mypkg/mypkg.egg-info/PKG-INFO
[1.752s] writing dependency_links to ../../build/mypkg/mypkg.egg-info/dependency_links.txt
[1.752s] writing entry points to ../../build/mypkg/mypkg.egg-info/entry_points.txt
[1.752s] writing requirements to ../../build/mypkg/mypkg.egg-info/requires.txt
[1.752s] writing top-level names to ../../build/mypkg/mypkg.egg-info/top_level.txt
[1.795s] reading manifest file '../../build/mypkg/mypkg.egg-info/SOURCES.txt'
[1.797s] writing manifest file '../../build/mypkg/mypkg.egg-info/SOURCES.txt'
[1.797s] running build
[1.797s] running build_py
[1.798s] copying mypkg/listener.py -> /home/samx/ros2_ws/build/mypkg/build/lib/mypkg
[1.798s] running install
[1.799s] running install_lib
[1.803s] copying /home/samx/ros2_ws/build/mypkg/build/lib/mypkg/listener.py -> /home/samx/ros2_ws/install/mypkg/lib/python3.8/site-packages/mypkg
[1.803s] byte-compiling /home/samx/ros2_ws/install/mypkg/lib/python3.8/site-packages/mypkg/listener.py to listener.cpython-38.pyc
[1.803s] running install_data
[1.805s] running install_egg_info
[1.805s] removing '/home/samx/ros2_ws/install/mypkg/lib/python3.8/site-packages/mypkg-0.0.0-py3.8.egg-info' (and everything under it)
[1.807s] Copying ../../build/mypkg/mypkg.egg-info to /home/samx/ros2_ws/install/mypkg/lib/python3.8/site-packages/mypkg-0.0.0-py3.8.egg-info
[1.814s] running install_scripts
[1.828s] Installing listener script to /home/samx/ros2_ws/install/mypkg/lib/mypkg
[1.828s] Installing talker script to /home/samx/ros2_ws/install/mypkg/lib/mypkg
[1.829s] writing list of installed files to '/home/samx/ros2_ws/build/mypkg/install.log'
[1.862s] Invoked command in '/home/samx/ros2_ws/src/mypkg' returned '0': PYTHONPATH=/home/samx/ros2_ws/build/mypkg/prefix_override:/home/samx/ros2_ws/install/mypkg/lib/python3.8/site-packages:${PYTHONPATH} /usr/bin/python3 setup.py egg_info --egg-base ../../build/mypkg build --build-base /home/samx/ros2_ws/build/mypkg/build install --record /home/samx/ros2_ws/build/mypkg/install.log --install-scripts $base/lib/mypkg --single-version-externally-managed
