[0.615s] Invoking command in '/home/samx/ros2_ws/build/person_msgs': CMAKE_PREFIX_PATH=/home/samx/ros2_ws/install/mypkg:/opt/ros/foxy /usr/bin/cmake /home/samx/ros2_ws/src/person_msgs -DCMAKE_INSTALL_PREFIX=/home/samx/ros2_ws/install/person_msgs
[0.627s] -- Found ament_cmake: 0.9.12 (/opt/ros/foxy/share/ament_cmake/cmake)
[0.652s] -- Found PythonInterp: /usr/bin/python3 (found suitable version "3.8.10", minimum required is "3") 
[0.652s] -- Using PYTHON_EXECUTABLE: /usr/bin/python3
[0.909s] -- Found rosidl_default_generators: 1.0.1 (/opt/ros/foxy/share/rosidl_default_generators/cmake)
[0.912s] -- Using all available rosidl_typesupport_c: rosidl_typesupport_fastrtps_c;rosidl_typesupport_introspection_c
[0.916s] -- Found rosidl_adapter: 1.3.1 (/opt/ros/foxy/share/rosidl_adapter/cmake)
[4.718s] -- Using all available rosidl_typesupport_cpp: rosidl_typesupport_fastrtps_cpp;rosidl_typesupport_introspection_cpp
[4.777s] -- Found PythonInterp: /usr/bin/python3 (found version "3.8.10") 
[5.002s] CMake Error at /opt/ros/foxy/share/rosidl_adapter/cmake/rosidl_adapt_interfaces.cmake:60 (message):
[5.002s]   execute_process(/usr/bin/python3 -m rosidl_adapter --package-name
[5.002s]   person_msgs --arguments-file
[5.002s]   /home/samx/ros2_ws/build/person_msgs/rosidl_adapter__arguments__person_msgs.json
[5.002s]   --output-dir
[5.002s]   /home/samx/ros2_ws/build/person_msgs/rosidl_adapter/person_msgs
[5.002s]   --output-file
[5.002s]   /home/samx/ros2_ws/build/person_msgs/rosidl_adapter/person_msgs.idls)
[5.002s]   returned error code 1:
[5.002s] 
[5.002s]   Error processing 'unit8 age' of 'person_msgs/Person': ''unit8' is an
[5.003s]   invalid message name.  It should have the pattern '^[A-Z][A-Za-z0-9]*$''
[5.003s] 
[5.003s]   Traceback (most recent call last):
[5.003s] 
[5.003s]     File "/usr/lib/python3.8/runpy.py", line 194, in _run_module_as_main
[5.003s]       return _run_code(code, main_globals, None,
[5.003s]     File "/usr/lib/python3.8/runpy.py", line 87, in _run_code
[5.003s]       exec(code, run_globals)
[5.003s]     File "/opt/ros/foxy/lib/python3.8/site-packages/rosidl_adapter/__main__.py", line 19, in <module>
[5.004s]       sys.exit(main())
[5.004s]     File "/opt/ros/foxy/lib/python3.8/site-packages/rosidl_adapter/main.py", line 53, in main
[5.004s]       abs_idl_file = convert_to_idl(
[5.004s]     File "/opt/ros/foxy/lib/python3.8/site-packages/rosidl_adapter/__init__.py", line 19, in convert_to_idl
[5.004s]       return convert_msg_to_idl(
[5.004s]     File "/opt/ros/foxy/lib/python3.8/site-packages/rosidl_adapter/msg/__init__.py", line 28, in convert_msg_to_idl
[5.004s]       msg = parse_message_string(package_name, input_file.stem, content)
[5.004s]     File "/opt/ros/foxy/lib/python3.8/site-packages/rosidl_adapter/parser.py", line 516, in parse_message_string
[5.004s]       Type(type_string, context_package_name=pkg_name),
[5.004s]     File "/opt/ros/foxy/lib/python3.8/site-packages/rosidl_adapter/parser.py", line 276, in __init__
[5.004s]       super(Type, self).__init__(
[5.004s]     File "/opt/ros/foxy/lib/python3.8/site-packages/rosidl_adapter/parser.py", line 204, in __init__
[5.004s]       raise InvalidResourceName(
[5.005s] 
[5.005s]   rosidl_adapter.parser.InvalidResourceName: 'unit8' is an invalid message
[5.005s]   name.  It should have the pattern '^[A-Z][A-Za-z0-9]*$'
[5.005s] 
[5.005s] Call Stack (most recent call first):
[5.005s]   /opt/ros/foxy/share/rosidl_cmake/cmake/rosidl_generate_interfaces.cmake:130 (rosidl_adapt_interfaces)
[5.005s]   CMakeLists.txt:21 (rosidl_generate_interfaces)
[5.005s] 
[5.005s] 
[5.005s] -- Configuring incomplete, errors occurred!
[5.005s] See also "/home/samx/ros2_ws/build/person_msgs/CMakeFiles/CMakeOutput.log".
[5.011s] Invoked command in '/home/samx/ros2_ws/build/person_msgs' returned '1': CMAKE_PREFIX_PATH=/home/samx/ros2_ws/install/mypkg:/opt/ros/foxy /usr/bin/cmake /home/samx/ros2_ws/src/person_msgs -DCMAKE_INSTALL_PREFIX=/home/samx/ros2_ws/install/person_msgs
