[1.360s] Invoking command in '/home/samx/ros2_ws/src/mypkg': PYTHONPATH=/home/samx/ros2_ws/build/mypkg/prefix_override:/home/samx/ros2_ws/install/mypkg/lib/python3.8/site-packages:${PYTHONPATH} /usr/bin/python3 setup.py egg_info --egg-base ../../build/mypkg build --build-base /home/samx/ros2_ws/build/mypkg/build install --record /home/samx/ros2_ws/build/mypkg/install.log --install-scripts $base/lib/mypkg --single-version-externally-managed
[1.666s] running egg_info
[1.667s] writing ../../build/mypkg/mypkg.egg-info/PKG-INFO
[1.667s] writing dependency_links to ../../build/mypkg/mypkg.egg-info/dependency_links.txt
[1.668s] writing entry points to ../../build/mypkg/mypkg.egg-info/entry_points.txt
[1.669s] writing requirements to ../../build/mypkg/mypkg.egg-info/requires.txt
[1.669s] writing top-level names to ../../build/mypkg/mypkg.egg-info/top_level.txt
[1.733s] reading manifest file '../../build/mypkg/mypkg.egg-info/SOURCES.txt'
[1.735s] writing manifest file '../../build/mypkg/mypkg.egg-info/SOURCES.txt'
[1.735s] running build
[1.735s] running build_py
[1.736s] running install
[1.739s] running install_lib
[1.742s] running install_data
[1.743s] running install_egg_info
[1.745s] removing '/home/samx/ros2_ws/install/mypkg/lib/python3.8/site-packages/mypkg-0.0.0-py3.8.egg-info' (and everything under it)
[1.746s] Copying ../../build/mypkg/mypkg.egg-info to /home/samx/ros2_ws/install/mypkg/lib/python3.8/site-packages/mypkg-0.0.0-py3.8.egg-info
[1.747s] running install_scripts
[1.771s] Installing talker = mypkg.talker:mainlistener script to /home/samx/ros2_ws/install/mypkg/lib/mypkg
[1.772s] writing list of installed files to '/home/samx/ros2_ws/build/mypkg/install.log'
[1.808s] Invoked command in '/home/samx/ros2_ws/src/mypkg' returned '0': PYTHONPATH=/home/samx/ros2_ws/build/mypkg/prefix_override:/home/samx/ros2_ws/install/mypkg/lib/python3.8/site-packages:${PYTHONPATH} /usr/bin/python3 setup.py egg_info --egg-base ../../build/mypkg build --build-base /home/samx/ros2_ws/build/mypkg/build install --record /home/samx/ros2_ws/build/mypkg/install.log --install-scripts $base/lib/mypkg --single-version-externally-managed
