[1.338s] Invoking command in '/home/samx/ros2_ws/src/mypkg': PYTHONPATH=/home/samx/ros2_ws/build/mypkg/prefix_override:/home/samx/ros2_ws/install/mypkg/lib/python3.8/site-packages:${PYTHONPATH} /usr/bin/python3 setup.py egg_info --egg-base ../../build/mypkg build --build-base /home/samx/ros2_ws/build/mypkg/build install --record /home/samx/ros2_ws/build/mypkg/install.log --install-scripts $base/lib/mypkg --single-version-externally-managed
[1.571s] running egg_info
[1.571s] writing ../../build/mypkg/mypkg.egg-info/PKG-INFO
[1.572s] writing dependency_links to ../../build/mypkg/mypkg.egg-info/dependency_links.txt
[1.573s] writing entry points to ../../build/mypkg/mypkg.egg-info/entry_points.txt
[1.575s] writing requirements to ../../build/mypkg/mypkg.egg-info/requires.txt
[1.575s] writing top-level names to ../../build/mypkg/mypkg.egg-info/top_level.txt
[1.616s] reading manifest file '../../build/mypkg/mypkg.egg-info/SOURCES.txt'
[1.620s] writing manifest file '../../build/mypkg/mypkg.egg-info/SOURCES.txt'
[1.620s] running build
[1.620s] running build_py
[1.625s] copying mypkg/talker.py -> /home/samx/ros2_ws/build/mypkg/build/lib/mypkg
[1.627s] copying mypkg/listener.py -> /home/samx/ros2_ws/build/mypkg/build/lib/mypkg
[1.634s] running install
[1.636s] running install_lib
[1.636s] copying /home/samx/ros2_ws/build/mypkg/build/lib/mypkg/talker.py -> /home/samx/ros2_ws/install/mypkg/lib/python3.8/site-packages/mypkg
[1.637s] copying /home/samx/ros2_ws/build/mypkg/build/lib/mypkg/listener.py -> /home/samx/ros2_ws/install/mypkg/lib/python3.8/site-packages/mypkg
[1.637s] byte-compiling /home/samx/ros2_ws/install/mypkg/lib/python3.8/site-packages/mypkg/talker.py to talker.cpython-38.pyc
[1.638s] byte-compiling /home/samx/ros2_ws/install/mypkg/lib/python3.8/site-packages/mypkg/listener.py to listener.cpython-38.pyc
[1.639s] running install_data
[1.640s] running install_egg_info
[1.641s] removing '/home/samx/ros2_ws/install/mypkg/lib/python3.8/site-packages/mypkg-0.0.0-py3.8.egg-info' (and everything under it)
[1.641s] Copying ../../build/mypkg/mypkg.egg-info to /home/samx/ros2_ws/install/mypkg/lib/python3.8/site-packages/mypkg-0.0.0-py3.8.egg-info
[1.642s] running install_scripts
[1.655s] Installing listener script to /home/samx/ros2_ws/install/mypkg/lib/mypkg
[1.655s] Installing talker script to /home/samx/ros2_ws/install/mypkg/lib/mypkg
[1.656s] writing list of installed files to '/home/samx/ros2_ws/build/mypkg/install.log'
[1.686s] Invoked command in '/home/samx/ros2_ws/src/mypkg' returned '0': PYTHONPATH=/home/samx/ros2_ws/build/mypkg/prefix_override:/home/samx/ros2_ws/install/mypkg/lib/python3.8/site-packages:${PYTHONPATH} /usr/bin/python3 setup.py egg_info --egg-base ../../build/mypkg build --build-base /home/samx/ros2_ws/build/mypkg/build install --record /home/samx/ros2_ws/build/mypkg/install.log --install-scripts $base/lib/mypkg --single-version-externally-managed
