[0.634s] Invoking command in '/home/samx/ros2_ws/build/person_msgs': CMAKE_PREFIX_PATH=${CMAKE_PREFIX_PATH}:/home/samx/ros2_ws/install/mypkg:/opt/ros/foxy /usr/bin/cmake --build /home/samx/ros2_ws/build/person_msgs -- -j16 -l16
[0.911s] [  3%] Built target person_msgs__cpp
[0.923s] [ 12%] Built target person_msgs__rosidl_generator_c
[0.955s] [ 22%] Built target person_msgs__rosidl_typesupport_cpp
[0.956s] [ 32%] Built target person_msgs__rosidl_typesupport_introspection_cpp
[0.959s] [ 41%] Built target person_msgs__rosidl_typesupport_fastrtps_cpp
[0.960s] [ 51%] Built target person_msgs__rosidl_typesupport_c
[0.967s] [ 61%] Built target person_msgs__rosidl_typesupport_introspection_c
[0.993s] [ 70%] Built target person_msgs__rosidl_typesupport_fastrtps_c
[1.017s] [ 70%] Built target person_msgs
[1.045s] [ 74%] Built target person_msgs__py
[1.082s] [ 80%] Built target person_msgs__python
[1.116s] [ 87%] Built target person_msgs__rosidl_typesupport_c__pyext
[1.116s] [ 93%] Built target person_msgs__rosidl_typesupport_introspection_c__pyext
[1.118s] [100%] Built target person_msgs__rosidl_typesupport_fastrtps_c__pyext
[1.133s] Invoked command in '/home/samx/ros2_ws/build/person_msgs' returned '0': CMAKE_PREFIX_PATH=${CMAKE_PREFIX_PATH}:/home/samx/ros2_ws/install/mypkg:/opt/ros/foxy /usr/bin/cmake --build /home/samx/ros2_ws/build/person_msgs -- -j16 -l16
[1.208s] Invoking command in '/home/samx/ros2_ws/build/person_msgs': CMAKE_PREFIX_PATH=${CMAKE_PREFIX_PATH}:/home/samx/ros2_ws/install/mypkg:/opt/ros/foxy /usr/bin/cmake --install /home/samx/ros2_ws/build/person_msgs
[1.218s] -- Install configuration: ""
[1.219s] -- Up-to-date: /home/samx/ros2_ws/install/person_msgs/share/ament_index/resource_index/rosidl_interfaces/person_msgs
[1.219s] -- Up-to-date: /home/samx/ros2_ws/install/person_msgs/include/person_msgs
[1.220s] -- Up-to-date: /home/samx/ros2_ws/install/person_msgs/include/person_msgs/msg
[1.221s] -- Up-to-date: /home/samx/ros2_ws/install/person_msgs/include/person_msgs/msg/person.h
[1.221s] -- Up-to-date: /home/samx/ros2_ws/install/person_msgs/include/person_msgs/msg/rosidl_generator_c__visibility_control.h
[1.221s] -- Up-to-date: /home/samx/ros2_ws/install/person_msgs/include/person_msgs/msg/detail
[1.222s] -- Up-to-date: /home/samx/ros2_ws/install/person_msgs/include/person_msgs/msg/detail/person__functions.c
[1.222s] -- Up-to-date: /home/samx/ros2_ws/install/person_msgs/include/person_msgs/msg/detail/person__type_support.h
[1.222s] -- Up-to-date: /home/samx/ros2_ws/install/person_msgs/include/person_msgs/msg/detail/person__functions.h
[1.222s] -- Up-to-date: /home/samx/ros2_ws/install/person_msgs/include/person_msgs/msg/detail/person__struct.h
[1.222s] -- Up-to-date: /home/samx/ros2_ws/install/person_msgs/share/person_msgs/environment/library_path.sh
[1.222s] -- Up-to-date: /home/samx/ros2_ws/install/person_msgs/share/person_msgs/environment/library_path.dsv
[1.223s] -- Up-to-date: /home/samx/ros2_ws/install/person_msgs/lib/libperson_msgs__rosidl_generator_c.so
[1.224s] -- Up-to-date: /home/samx/ros2_ws/install/person_msgs/include/person_msgs
[1.225s] -- Up-to-date: /home/samx/ros2_ws/install/person_msgs/include/person_msgs/msg
[1.225s] -- Up-to-date: /home/samx/ros2_ws/install/person_msgs/include/person_msgs/msg/rosidl_typesupport_fastrtps_c__visibility_control.h
[1.225s] -- Up-to-date: /home/samx/ros2_ws/install/person_msgs/include/person_msgs/msg/detail
[1.225s] -- Up-to-date: /home/samx/ros2_ws/install/person_msgs/include/person_msgs/msg/detail/person__rosidl_typesupport_fastrtps_c.h
[1.227s] -- Up-to-date: /home/samx/ros2_ws/install/person_msgs/lib/libperson_msgs__rosidl_typesupport_fastrtps_c.so
[1.227s] -- Up-to-date: /home/samx/ros2_ws/install/person_msgs/include/person_msgs
[1.227s] -- Up-to-date: /home/samx/ros2_ws/install/person_msgs/include/person_msgs/msg
[1.228s] -- Up-to-date: /home/samx/ros2_ws/install/person_msgs/include/person_msgs/msg/rosidl_typesupport_fastrtps_cpp__visibility_control.h
[1.228s] -- Up-to-date: /home/samx/ros2_ws/install/person_msgs/include/person_msgs/msg/detail
[1.228s] -- Up-to-date: /home/samx/ros2_ws/install/person_msgs/include/person_msgs/msg/detail/dds_fastrtps
[1.228s] -- Up-to-date: /home/samx/ros2_ws/install/person_msgs/include/person_msgs/msg/detail/person__rosidl_typesupport_fastrtps_cpp.hpp
[1.229s] -- Up-to-date: /home/samx/ros2_ws/install/person_msgs/lib/libperson_msgs__rosidl_typesupport_fastrtps_cpp.so
[1.229s] -- Up-to-date: /home/samx/ros2_ws/install/person_msgs/include/person_msgs
[1.230s] -- Up-to-date: /home/samx/ros2_ws/install/person_msgs/include/person_msgs/msg
[1.230s] -- Up-to-date: /home/samx/ros2_ws/install/person_msgs/include/person_msgs/msg/rosidl_typesupport_introspection_c__visibility_control.h
[1.230s] -- Up-to-date: /home/samx/ros2_ws/install/person_msgs/include/person_msgs/msg/detail
[1.230s] -- Up-to-date: /home/samx/ros2_ws/install/person_msgs/include/person_msgs/msg/detail/person__type_support.c
[1.230s] -- Up-to-date: /home/samx/ros2_ws/install/person_msgs/include/person_msgs/msg/detail/person__rosidl_typesupport_introspection_c.h
[1.231s] -- Up-to-date: /home/samx/ros2_ws/install/person_msgs/lib/libperson_msgs__rosidl_typesupport_introspection_c.so
[1.233s] -- Up-to-date: /home/samx/ros2_ws/install/person_msgs/lib/libperson_msgs__rosidl_typesupport_c.so
[1.233s] -- Up-to-date: /home/samx/ros2_ws/install/person_msgs/include/person_msgs
[1.234s] -- Up-to-date: /home/samx/ros2_ws/install/person_msgs/include/person_msgs/msg
[1.234s] -- Up-to-date: /home/samx/ros2_ws/install/person_msgs/include/person_msgs/msg/person.hpp
[1.234s] -- Up-to-date: /home/samx/ros2_ws/install/person_msgs/include/person_msgs/msg/rosidl_generator_cpp__visibility_control.hpp
[1.234s] -- Up-to-date: /home/samx/ros2_ws/install/person_msgs/include/person_msgs/msg/detail
[1.234s] -- Up-to-date: /home/samx/ros2_ws/install/person_msgs/include/person_msgs/msg/detail/person__builder.hpp
[1.234s] -- Up-to-date: /home/samx/ros2_ws/install/person_msgs/include/person_msgs/msg/detail/person__type_support.hpp
[1.234s] -- Up-to-date: /home/samx/ros2_ws/install/person_msgs/include/person_msgs/msg/detail/person__traits.hpp
[1.234s] -- Up-to-date: /home/samx/ros2_ws/install/person_msgs/include/person_msgs/msg/detail/person__struct.hpp
[1.234s] -- Up-to-date: /home/samx/ros2_ws/install/person_msgs/include/person_msgs
[1.234s] -- Up-to-date: /home/samx/ros2_ws/install/person_msgs/include/person_msgs/msg
[1.234s] -- Up-to-date: /home/samx/ros2_ws/install/person_msgs/include/person_msgs/msg/detail
[1.235s] -- Up-to-date: /home/samx/ros2_ws/install/person_msgs/include/person_msgs/msg/detail/person__rosidl_typesupport_introspection_cpp.hpp
[1.235s] -- Up-to-date: /home/samx/ros2_ws/install/person_msgs/include/person_msgs/msg/detail/person__type_support.cpp
[1.235s] -- Up-to-date: /home/samx/ros2_ws/install/person_msgs/lib/libperson_msgs__rosidl_typesupport_introspection_cpp.so
[1.237s] -- Up-to-date: /home/samx/ros2_ws/install/person_msgs/lib/libperson_msgs__rosidl_typesupport_cpp.so
[1.237s] -- Up-to-date: /home/samx/ros2_ws/install/person_msgs/share/person_msgs/environment/pythonpath.sh
[1.237s] -- Up-to-date: /home/samx/ros2_ws/install/person_msgs/share/person_msgs/environment/pythonpath.dsv
[1.238s] -- Up-to-date: /home/samx/ros2_ws/install/person_msgs/lib/python3.8/site-packages/person_msgs/__init__.py
[1.283s] -- Up-to-date: /home/samx/ros2_ws/install/person_msgs/lib/python3.8/site-packages/person_msgs/msg
[1.284s] -- Up-to-date: /home/samx/ros2_ws/install/person_msgs/lib/python3.8/site-packages/person_msgs/msg/_person.py
[1.284s] -- Up-to-date: /home/samx/ros2_ws/install/person_msgs/lib/python3.8/site-packages/person_msgs/msg/_person_s.c
[1.285s] -- Up-to-date: /home/samx/ros2_ws/install/person_msgs/lib/python3.8/site-packages/person_msgs/msg/__init__.py
[1.285s] -- Up-to-date: /home/samx/ros2_ws/install/person_msgs/lib/python3.8/site-packages/person_msgs/person_msgs_s__rosidl_typesupport_fastrtps_c.cpython-38-x86_64-linux-gnu.so
[1.287s] -- Up-to-date: /home/samx/ros2_ws/install/person_msgs/lib/python3.8/site-packages/person_msgs/person_msgs_s__rosidl_typesupport_introspection_c.cpython-38-x86_64-linux-gnu.so
[1.289s] -- Up-to-date: /home/samx/ros2_ws/install/person_msgs/lib/python3.8/site-packages/person_msgs/person_msgs_s__rosidl_typesupport_c.cpython-38-x86_64-linux-gnu.so
[1.291s] -- Up-to-date: /home/samx/ros2_ws/install/person_msgs/lib/libperson_msgs__python.so
[1.292s] -- Up-to-date: /home/samx/ros2_ws/install/person_msgs/share/person_msgs/msg/Person.idl
[1.292s] -- Up-to-date: /home/samx/ros2_ws/install/person_msgs/share/person_msgs/msg/Person.msg
[1.292s] -- Up-to-date: /home/samx/ros2_ws/install/person_msgs/share/ament_index/resource_index/package_run_dependencies/person_msgs
[1.293s] -- Up-to-date: /home/samx/ros2_ws/install/person_msgs/share/ament_index/resource_index/parent_prefix_path/person_msgs
[1.294s] -- Up-to-date: /home/samx/ros2_ws/install/person_msgs/share/person_msgs/environment/ament_prefix_path.sh
[1.294s] -- Up-to-date: /home/samx/ros2_ws/install/person_msgs/share/person_msgs/environment/ament_prefix_path.dsv
[1.294s] -- Up-to-date: /home/samx/ros2_ws/install/person_msgs/share/person_msgs/environment/path.sh
[1.294s] -- Up-to-date: /home/samx/ros2_ws/install/person_msgs/share/person_msgs/environment/path.dsv
[1.294s] -- Up-to-date: /home/samx/ros2_ws/install/person_msgs/share/person_msgs/local_setup.bash
[1.294s] -- Up-to-date: /home/samx/ros2_ws/install/person_msgs/share/person_msgs/local_setup.sh
[1.294s] -- Up-to-date: /home/samx/ros2_ws/install/person_msgs/share/person_msgs/local_setup.zsh
[1.294s] -- Up-to-date: /home/samx/ros2_ws/install/person_msgs/share/person_msgs/local_setup.dsv
[1.294s] -- Installing: /home/samx/ros2_ws/install/person_msgs/share/person_msgs/package.dsv
[1.296s] -- Up-to-date: /home/samx/ros2_ws/install/person_msgs/share/ament_index/resource_index/packages/person_msgs
[1.300s] -- Up-to-date: /home/samx/ros2_ws/install/person_msgs/share/person_msgs/cmake/person_msgs__rosidl_generator_cExport.cmake
[1.300s] -- Up-to-date: /home/samx/ros2_ws/install/person_msgs/share/person_msgs/cmake/person_msgs__rosidl_generator_cExport-noconfig.cmake
[1.301s] -- Up-to-date: /home/samx/ros2_ws/install/person_msgs/share/person_msgs/cmake/person_msgs__rosidl_typesupport_introspection_cExport.cmake
[1.301s] -- Up-to-date: /home/samx/ros2_ws/install/person_msgs/share/person_msgs/cmake/person_msgs__rosidl_typesupport_introspection_cExport-noconfig.cmake
[1.303s] -- Up-to-date: /home/samx/ros2_ws/install/person_msgs/share/person_msgs/cmake/person_msgs__rosidl_typesupport_cExport.cmake
[1.303s] -- Up-to-date: /home/samx/ros2_ws/install/person_msgs/share/person_msgs/cmake/person_msgs__rosidl_typesupport_cExport-noconfig.cmake
[1.304s] -- Up-to-date: /home/samx/ros2_ws/install/person_msgs/share/person_msgs/cmake/person_msgs__rosidl_generator_cppExport.cmake
[1.306s] -- Up-to-date: /home/samx/ros2_ws/install/person_msgs/share/person_msgs/cmake/person_msgs__rosidl_typesupport_introspection_cppExport.cmake
[1.306s] -- Up-to-date: /home/samx/ros2_ws/install/person_msgs/share/person_msgs/cmake/person_msgs__rosidl_typesupport_introspection_cppExport-noconfig.cmake
[1.308s] -- Up-to-date: /home/samx/ros2_ws/install/person_msgs/share/person_msgs/cmake/person_msgs__rosidl_typesupport_cppExport.cmake
[1.308s] -- Up-to-date: /home/samx/ros2_ws/install/person_msgs/share/person_msgs/cmake/person_msgs__rosidl_typesupport_cppExport-noconfig.cmake
[1.309s] -- Up-to-date: /home/samx/ros2_ws/install/person_msgs/share/person_msgs/cmake/rosidl_cmake-extras.cmake
[1.309s] -- Up-to-date: /home/samx/ros2_ws/install/person_msgs/share/person_msgs/cmake/ament_cmake_export_dependencies-extras.cmake
[1.309s] -- Up-to-date: /home/samx/ros2_ws/install/person_msgs/share/person_msgs/cmake/ament_cmake_export_libraries-extras.cmake
[1.309s] -- Up-to-date: /home/samx/ros2_ws/install/person_msgs/share/person_msgs/cmake/ament_cmake_export_targets-extras.cmake
[1.309s] -- Up-to-date: /home/samx/ros2_ws/install/person_msgs/share/person_msgs/cmake/ament_cmake_export_include_directories-extras.cmake
[1.309s] -- Up-to-date: /home/samx/ros2_ws/install/person_msgs/share/person_msgs/cmake/rosidl_cmake_export_typesupport_libraries-extras.cmake
[1.309s] -- Up-to-date: /home/samx/ros2_ws/install/person_msgs/share/person_msgs/cmake/rosidl_cmake_export_typesupport_targets-extras.cmake
[1.309s] -- Up-to-date: /home/samx/ros2_ws/install/person_msgs/share/person_msgs/cmake/person_msgsConfig.cmake
[1.309s] -- Up-to-date: /home/samx/ros2_ws/install/person_msgs/share/person_msgs/cmake/person_msgsConfig-version.cmake
[1.309s] -- Up-to-date: /home/samx/ros2_ws/install/person_msgs/share/person_msgs/package.xml
[1.312s] Invoked command in '/home/samx/ros2_ws/build/person_msgs' returned '0': CMAKE_PREFIX_PATH=${CMAKE_PREFIX_PATH}:/home/samx/ros2_ws/install/mypkg:/opt/ros/foxy /usr/bin/cmake --install /home/samx/ros2_ws/build/person_msgs
