[1.510s] Invoking command in '/home/samx/ros2_ws/src/mypkg': PYTHONPATH=/home/samx/ros2_ws/build/mypkg/prefix_override:/home/samx/ros2_ws/install/mypkg/lib/python3.8/site-packages:${PYTHONPATH} /usr/bin/python3 setup.py egg_info --egg-base ../../build/mypkg build --build-base /home/samx/ros2_ws/build/mypkg/build install --record /home/samx/ros2_ws/build/mypkg/install.log --install-scripts $base/lib/mypkg --single-version-externally-managed
[1.789s] running egg_info
[1.790s] writing ../../build/mypkg/mypkg.egg-info/PKG-INFO
[1.790s] writing dependency_links to ../../build/mypkg/mypkg.egg-info/dependency_links.txt
[1.791s] writing entry points to ../../build/mypkg/mypkg.egg-info/entry_points.txt
[1.792s] writing requirements to ../../build/mypkg/mypkg.egg-info/requires.txt
[1.793s] writing top-level names to ../../build/mypkg/mypkg.egg-info/top_level.txt
[1.843s] reading manifest file '../../build/mypkg/mypkg.egg-info/SOURCES.txt'
[1.843s] writing manifest file '../../build/mypkg/mypkg.egg-info/SOURCES.txt'
[1.844s] running build
[1.844s] running build_py
[1.844s] running install
[1.845s] running install_lib
[1.849s] running install_data
[1.849s] running install_egg_info
[1.850s] removing '/home/samx/ros2_ws/install/mypkg/lib/python3.8/site-packages/mypkg-0.0.0-py3.8.egg-info' (and everything under it)
[1.850s] Copying ../../build/mypkg/mypkg.egg-info to /home/samx/ros2_ws/install/mypkg/lib/python3.8/site-packages/mypkg-0.0.0-py3.8.egg-info
[1.854s] running install_scripts
[1.881s] Installing listener script to /home/samx/ros2_ws/install/mypkg/lib/mypkg
[1.882s] Installing talker script to /home/samx/ros2_ws/install/mypkg/lib/mypkg
[1.883s] writing list of installed files to '/home/samx/ros2_ws/build/mypkg/install.log'
[1.916s] Invoked command in '/home/samx/ros2_ws/src/mypkg' returned '0': PYTHONPATH=/home/samx/ros2_ws/build/mypkg/prefix_override:/home/samx/ros2_ws/install/mypkg/lib/python3.8/site-packages:${PYTHONPATH} /usr/bin/python3 setup.py egg_info --egg-base ../../build/mypkg build --build-base /home/samx/ros2_ws/build/mypkg/build install --record /home/samx/ros2_ws/build/mypkg/install.log --install-scripts $base/lib/mypkg --single-version-externally-managed
