[0.598s] Invoking command in '/home/samx/ros2_ws/build/person_msgs': CMAKE_PREFIX_PATH=/home/samx/ros2_ws/install/mypkg:/opt/ros/foxy /usr/bin/cmake /home/samx/ros2_ws/src/person_msgs -DCMAKE_INSTALL_PREFIX=/home/samx/ros2_ws/install/person_msgs
[0.614s] -- Found ament_cmake: 0.9.12 (/opt/ros/foxy/share/ament_cmake/cmake)
[0.641s] -- Found PythonInterp: /usr/bin/python3 (found suitable version "3.8.10", minimum required is "3") 
[0.641s] -- Using PYTHON_EXECUTABLE: /usr/bin/python3
[0.882s] -- Found rosidl_default_generators: 1.0.1 (/opt/ros/foxy/share/rosidl_default_generators/cmake)
[0.886s] -- Using all available rosidl_typesupport_c: rosidl_typesupport_fastrtps_c;rosidl_typesupport_introspection_c
[0.892s] -- Found rosidl_adapter: 1.3.1 (/opt/ros/foxy/share/rosidl_adapter/cmake)
[4.289s] -- Using all available rosidl_typesupport_cpp: rosidl_typesupport_fastrtps_cpp;rosidl_typesupport_introspection_cpp
[4.345s] -- Found PythonInterp: /usr/bin/python3 (found version "3.8.10") 
[4.511s] -- Found ament_cmake_ros: 0.9.2 (/opt/ros/foxy/share/ament_cmake_ros/cmake)
[7.766s] -- Using all available rosidl_typesupport_c: rosidl_typesupport_fastrtps_c;rosidl_typesupport_introspection_c
[7.783s] -- Using all available rosidl_typesupport_cpp: rosidl_typesupport_fastrtps_cpp;rosidl_typesupport_introspection_cpp
[7.813s] -- Found PythonInterp: /usr/bin/python3 (found suitable version "3.8.10", minimum required is "3.5") 
[7.818s] -- Found python_cmake_module: 0.8.1 (/opt/ros/foxy/share/python_cmake_module/cmake)
[8.144s] -- Found PythonLibs: /usr/lib/x86_64-linux-gnu/libpython3.8.so (found suitable version "3.8.10", minimum required is "3.5") 
[8.145s] -- Using PYTHON_EXECUTABLE: /usr/bin/python3
[8.145s] -- Using PYTHON_INCLUDE_DIRS: /usr/include/python3.8
[8.145s] -- Using PYTHON_LIBRARIES: /usr/lib/x86_64-linux-gnu/libpython3.8.so
[8.170s] -- Found PythonExtra: .so  
[8.251s] -- Found ament_lint_auto: 0.9.8 (/opt/ros/foxy/share/ament_lint_auto/cmake)
[8.320s] -- Added test 'copyright' to check source files copyright and LICENSE
[8.324s] -- Added test 'lint_cmake' to check CMake code style
[8.327s] -- Added test 'xmllint' to check XML markup files
[8.334s] -- Configuring done
[8.371s] -- Generating done
[8.374s] -- Build files have been written to: /home/samx/ros2_ws/build/person_msgs
[8.383s] Invoked command in '/home/samx/ros2_ws/build/person_msgs' returned '0': CMAKE_PREFIX_PATH=/home/samx/ros2_ws/install/mypkg:/opt/ros/foxy /usr/bin/cmake /home/samx/ros2_ws/src/person_msgs -DCMAKE_INSTALL_PREFIX=/home/samx/ros2_ws/install/person_msgs
[8.388s] Invoking command in '/home/samx/ros2_ws/build/person_msgs': CMAKE_PREFIX_PATH=/home/samx/ros2_ws/install/mypkg:/opt/ros/foxy /usr/bin/cmake --build /home/samx/ros2_ws/build/person_msgs -- -j16 -l16
[8.434s] [  3%] [34m[1mGenerating C code for ROS interfaces[0m
[8.434s] [35m[1mScanning dependencies of target person_msgs__cpp[0m
[8.449s] [  6%] [34m[1mGenerating C++ code for ROS interfaces[0m
[8.814s] [  6%] Built target person_msgs__cpp
[8.825s] [ 12%] [34m[1mGenerating C++ introspection for ROS interfaces[0m
[8.826s] [ 12%] [34m[1mGenerating C++ type support dispatch for ROS interfaces[0m
[8.826s] [35m[1mScanning dependencies of target person_msgs__rosidl_generator_c[0m
[8.828s] [ 16%] [34m[1mGenerating C++ type support for eProsima Fast-RTPS[0m
[8.850s] [ 19%] [32mBuilding C object CMakeFiles/person_msgs__rosidl_generator_c.dir/rosidl_generator_c/person_msgs/msg/detail/person__functions.c.o[0m
[8.973s] [ 22%] [32m[1mLinking C shared library libperson_msgs__rosidl_generator_c.so[0m
[9.098s] [ 22%] Built target person_msgs__rosidl_generator_c
[9.111s] [ 25%] [34m[1mGenerating C type support dispatch for ROS interfaces[0m
[9.111s] [ 29%] [34m[1mGenerating C introspection for ROS interfaces[0m
[9.185s] [35m[1mScanning dependencies of target person_msgs__rosidl_typesupport_cpp[0m
[9.208s] [ 32%] [32mBuilding CXX object CMakeFiles/person_msgs__rosidl_typesupport_cpp.dir/rosidl_typesupport_cpp/person_msgs/msg/person__type_support.cpp.o[0m
[9.209s] [35m[1mScanning dependencies of target person_msgs__rosidl_typesupport_fastrtps_cpp[0m
[9.219s] [35m[1mScanning dependencies of target person_msgs__rosidl_typesupport_introspection_cpp[0m
[9.239s] [ 35%] [32mBuilding CXX object CMakeFiles/person_msgs__rosidl_typesupport_fastrtps_cpp.dir/rosidl_typesupport_fastrtps_cpp/person_msgs/msg/detail/dds_fastrtps/person__type_support.cpp.o[0m
[9.239s] [ 38%] [32mBuilding CXX object CMakeFiles/person_msgs__rosidl_typesupport_introspection_cpp.dir/rosidl_typesupport_introspection_cpp/person_msgs/msg/detail/person__type_support.cpp.o[0m
[9.455s] [35m[1mScanning dependencies of target person_msgs__rosidl_typesupport_introspection_c[0m
[9.456s] [35m[1mScanning dependencies of target person_msgs__rosidl_typesupport_c[0m
[9.472s] [ 41%] [32mBuilding C object CMakeFiles/person_msgs__rosidl_typesupport_introspection_c.dir/rosidl_typesupport_introspection_c/person_msgs/msg/detail/person__type_support.c.o[0m
[9.473s] [ 45%] [32mBuilding CXX object CMakeFiles/person_msgs__rosidl_typesupport_c.dir/rosidl_typesupport_c/person_msgs/msg/person__type_support.cpp.o[0m
[9.515s] [ 51%] [32m[1mLinking C shared library libperson_msgs__rosidl_typesupport_introspection_c.so[0m
[9.515s] [ 51%] [32m[1mLinking CXX shared library libperson_msgs__rosidl_typesupport_c.so[0m
[9.609s] [ 51%] Built target person_msgs__rosidl_typesupport_introspection_c
[9.622s] [ 51%] Built target person_msgs__rosidl_typesupport_c
[9.751s] [ 54%] [32m[1mLinking CXX shared library libperson_msgs__rosidl_typesupport_cpp.so[0m
[9.751s] [ 58%] [32m[1mLinking CXX shared library libperson_msgs__rosidl_typesupport_introspection_cpp.so[0m
[9.849s] [ 58%] Built target person_msgs__rosidl_typesupport_cpp
[9.885s] [ 58%] Built target person_msgs__rosidl_typesupport_introspection_cpp
[9.952s] [ 61%] [32m[1mLinking CXX shared library libperson_msgs__rosidl_typesupport_fastrtps_cpp.so[0m
[10.137s] [ 61%] Built target person_msgs__rosidl_typesupport_fastrtps_cpp
[10.148s] [ 64%] [34m[1mGenerating C type support for eProsima Fast-RTPS[0m
[10.439s] [35m[1mScanning dependencies of target person_msgs__rosidl_typesupport_fastrtps_c[0m
[10.458s] [ 67%] [32mBuilding CXX object CMakeFiles/person_msgs__rosidl_typesupport_fastrtps_c.dir/rosidl_typesupport_fastrtps_c/person_msgs/msg/detail/person__type_support_c.cpp.o[0m
[10.912s] [ 70%] [32m[1mLinking CXX shared library libperson_msgs__rosidl_typesupport_fastrtps_c.so[0m
[11.088s] [ 70%] Built target person_msgs__rosidl_typesupport_fastrtps_c
[11.099s] [35m[1mScanning dependencies of target person_msgs[0m
[11.110s] [ 70%] Built target person_msgs
[11.120s] [35m[1mScanning dependencies of target person_msgs__py[0m
[11.132s] [ 74%] [34m[1mGenerating Python code for ROS interfaces[0m
[11.724s] [ 74%] Built target person_msgs__py
[11.736s] [35m[1mScanning dependencies of target person_msgs__python[0m
[11.810s] [ 77%] [32mBuilding C object CMakeFiles/person_msgs__python.dir/rosidl_generator_py/person_msgs/msg/_person_s.c.o[0m
[11.957s] [ 80%] [32m[1mLinking C shared library rosidl_generator_py/person_msgs/libperson_msgs__python.so[0m
[12.061s] [ 80%] Built target person_msgs__python
[12.073s] [35m[1mScanning dependencies of target person_msgs__rosidl_typesupport_fastrtps_c__pyext[0m
[12.074s] [35m[1mScanning dependencies of target person_msgs__rosidl_typesupport_c__pyext[0m
[12.075s] [35m[1mScanning dependencies of target person_msgs__rosidl_typesupport_introspection_c__pyext[0m
[12.100s] [ 83%] [32mBuilding C object CMakeFiles/person_msgs__rosidl_typesupport_c__pyext.dir/rosidl_generator_py/person_msgs/_person_msgs_s.ep.rosidl_typesupport_c.c.o[0m
[12.100s] [ 87%] [32mBuilding C object CMakeFiles/person_msgs__rosidl_typesupport_fastrtps_c__pyext.dir/rosidl_generator_py/person_msgs/_person_msgs_s.ep.rosidl_typesupport_fastrtps_c.c.o[0m
[12.101s] [ 90%] [32mBuilding C object CMakeFiles/person_msgs__rosidl_typesupport_introspection_c__pyext.dir/rosidl_generator_py/person_msgs/_person_msgs_s.ep.rosidl_typesupport_introspection_c.c.o[0m
[12.211s] [ 93%] [32m[1mLinking C shared library rosidl_generator_py/person_msgs/person_msgs_s__rosidl_typesupport_c.cpython-38-x86_64-linux-gnu.so[0m
[12.216s] [ 96%] [32m[1mLinking C shared library rosidl_generator_py/person_msgs/person_msgs_s__rosidl_typesupport_introspection_c.cpython-38-x86_64-linux-gnu.so[0m
[12.220s] [100%] [32m[1mLinking CXX shared library rosidl_generator_py/person_msgs/person_msgs_s__rosidl_typesupport_fastrtps_c.cpython-38-x86_64-linux-gnu.so[0m
[12.304s] [100%] Built target person_msgs__rosidl_typesupport_c__pyext
[12.304s] [100%] Built target person_msgs__rosidl_typesupport_introspection_c__pyext
[12.341s] [100%] Built target person_msgs__rosidl_typesupport_fastrtps_c__pyext
[12.356s] Invoked command in '/home/samx/ros2_ws/build/person_msgs' returned '0': CMAKE_PREFIX_PATH=/home/samx/ros2_ws/install/mypkg:/opt/ros/foxy /usr/bin/cmake --build /home/samx/ros2_ws/build/person_msgs -- -j16 -l16
[12.426s] Invoking command in '/home/samx/ros2_ws/build/person_msgs': CMAKE_PREFIX_PATH=/home/samx/ros2_ws/install/mypkg:/opt/ros/foxy /usr/bin/cmake --install /home/samx/ros2_ws/build/person_msgs
[12.436s] -- Install configuration: ""
[12.437s] -- Installing: /home/samx/ros2_ws/install/person_msgs/share/ament_index/resource_index/rosidl_interfaces/person_msgs
[12.437s] -- Installing: /home/samx/ros2_ws/install/person_msgs/include/person_msgs
[12.437s] -- Installing: /home/samx/ros2_ws/install/person_msgs/include/person_msgs/msg
[12.438s] -- Installing: /home/samx/ros2_ws/install/person_msgs/include/person_msgs/msg/person.h
[12.438s] -- Installing: /home/samx/ros2_ws/install/person_msgs/include/person_msgs/msg/rosidl_generator_c__visibility_control.h
[12.439s] -- Installing: /home/samx/ros2_ws/install/person_msgs/include/person_msgs/msg/detail
[12.439s] -- Installing: /home/samx/ros2_ws/install/person_msgs/include/person_msgs/msg/detail/person__functions.c
[12.440s] -- Installing: /home/samx/ros2_ws/install/person_msgs/include/person_msgs/msg/detail/person__type_support.h
[12.440s] -- Installing: /home/samx/ros2_ws/install/person_msgs/include/person_msgs/msg/detail/person__functions.h
[12.440s] -- Installing: /home/samx/ros2_ws/install/person_msgs/include/person_msgs/msg/detail/person__struct.h
[12.440s] -- Installing: /home/samx/ros2_ws/install/person_msgs/share/person_msgs/environment/library_path.sh
[12.440s] -- Installing: /home/samx/ros2_ws/install/person_msgs/share/person_msgs/environment/library_path.dsv
[12.440s] -- Installing: /home/samx/ros2_ws/install/person_msgs/lib/libperson_msgs__rosidl_generator_c.so
[12.441s] -- Set runtime path of "/home/samx/ros2_ws/install/person_msgs/lib/libperson_msgs__rosidl_generator_c.so" to ""
[12.441s] -- Up-to-date: /home/samx/ros2_ws/install/person_msgs/include/person_msgs
[12.441s] -- Up-to-date: /home/samx/ros2_ws/install/person_msgs/include/person_msgs/msg
[12.442s] -- Installing: /home/samx/ros2_ws/install/person_msgs/include/person_msgs/msg/rosidl_typesupport_fastrtps_c__visibility_control.h
[12.442s] -- Up-to-date: /home/samx/ros2_ws/install/person_msgs/include/person_msgs/msg/detail
[12.442s] -- Installing: /home/samx/ros2_ws/install/person_msgs/include/person_msgs/msg/detail/person__rosidl_typesupport_fastrtps_c.h
[12.442s] -- Installing: /home/samx/ros2_ws/install/person_msgs/lib/libperson_msgs__rosidl_typesupport_fastrtps_c.so
[12.443s] -- Set runtime path of "/home/samx/ros2_ws/install/person_msgs/lib/libperson_msgs__rosidl_typesupport_fastrtps_c.so" to ""
[12.443s] -- Up-to-date: /home/samx/ros2_ws/install/person_msgs/include/person_msgs
[12.444s] -- Up-to-date: /home/samx/ros2_ws/install/person_msgs/include/person_msgs/msg
[12.444s] -- Installing: /home/samx/ros2_ws/install/person_msgs/include/person_msgs/msg/rosidl_typesupport_fastrtps_cpp__visibility_control.h
[12.444s] -- Up-to-date: /home/samx/ros2_ws/install/person_msgs/include/person_msgs/msg/detail
[12.444s] -- Installing: /home/samx/ros2_ws/install/person_msgs/include/person_msgs/msg/detail/dds_fastrtps
[12.445s] -- Installing: /home/samx/ros2_ws/install/person_msgs/include/person_msgs/msg/detail/person__rosidl_typesupport_fastrtps_cpp.hpp
[12.445s] -- Installing: /home/samx/ros2_ws/install/person_msgs/lib/libperson_msgs__rosidl_typesupport_fastrtps_cpp.so
[12.446s] -- Set runtime path of "/home/samx/ros2_ws/install/person_msgs/lib/libperson_msgs__rosidl_typesupport_fastrtps_cpp.so" to ""
[12.446s] -- Up-to-date: /home/samx/ros2_ws/install/person_msgs/include/person_msgs
[12.446s] -- Up-to-date: /home/samx/ros2_ws/install/person_msgs/include/person_msgs/msg
[12.447s] -- Installing: /home/samx/ros2_ws/install/person_msgs/include/person_msgs/msg/rosidl_typesupport_introspection_c__visibility_control.h
[12.447s] -- Up-to-date: /home/samx/ros2_ws/install/person_msgs/include/person_msgs/msg/detail
[12.447s] -- Installing: /home/samx/ros2_ws/install/person_msgs/include/person_msgs/msg/detail/person__type_support.c
[12.447s] -- Installing: /home/samx/ros2_ws/install/person_msgs/include/person_msgs/msg/detail/person__rosidl_typesupport_introspection_c.h
[12.448s] -- Installing: /home/samx/ros2_ws/install/person_msgs/lib/libperson_msgs__rosidl_typesupport_introspection_c.so
[12.448s] -- Set runtime path of "/home/samx/ros2_ws/install/person_msgs/lib/libperson_msgs__rosidl_typesupport_introspection_c.so" to ""
[12.448s] -- Installing: /home/samx/ros2_ws/install/person_msgs/lib/libperson_msgs__rosidl_typesupport_c.so
[12.449s] -- Set runtime path of "/home/samx/ros2_ws/install/person_msgs/lib/libperson_msgs__rosidl_typesupport_c.so" to ""
[12.449s] -- Up-to-date: /home/samx/ros2_ws/install/person_msgs/include/person_msgs
[12.449s] -- Up-to-date: /home/samx/ros2_ws/install/person_msgs/include/person_msgs/msg
[12.449s] -- Installing: /home/samx/ros2_ws/install/person_msgs/include/person_msgs/msg/person.hpp
[12.450s] -- Installing: /home/samx/ros2_ws/install/person_msgs/include/person_msgs/msg/rosidl_generator_cpp__visibility_control.hpp
[12.450s] -- Up-to-date: /home/samx/ros2_ws/install/person_msgs/include/person_msgs/msg/detail
[12.450s] -- Installing: /home/samx/ros2_ws/install/person_msgs/include/person_msgs/msg/detail/person__builder.hpp
[12.450s] -- Installing: /home/samx/ros2_ws/install/person_msgs/include/person_msgs/msg/detail/person__type_support.hpp
[12.450s] -- Installing: /home/samx/ros2_ws/install/person_msgs/include/person_msgs/msg/detail/person__traits.hpp
[12.451s] -- Installing: /home/samx/ros2_ws/install/person_msgs/include/person_msgs/msg/detail/person__struct.hpp
[12.451s] -- Up-to-date: /home/samx/ros2_ws/install/person_msgs/include/person_msgs
[12.451s] -- Up-to-date: /home/samx/ros2_ws/install/person_msgs/include/person_msgs/msg
[12.451s] -- Up-to-date: /home/samx/ros2_ws/install/person_msgs/include/person_msgs/msg/detail
[12.451s] -- Installing: /home/samx/ros2_ws/install/person_msgs/include/person_msgs/msg/detail/person__rosidl_typesupport_introspection_cpp.hpp
[12.451s] -- Installing: /home/samx/ros2_ws/install/person_msgs/include/person_msgs/msg/detail/person__type_support.cpp
[12.451s] -- Installing: /home/samx/ros2_ws/install/person_msgs/lib/libperson_msgs__rosidl_typesupport_introspection_cpp.so
[12.451s] -- Set runtime path of "/home/samx/ros2_ws/install/person_msgs/lib/libperson_msgs__rosidl_typesupport_introspection_cpp.so" to ""
[12.451s] -- Installing: /home/samx/ros2_ws/install/person_msgs/lib/libperson_msgs__rosidl_typesupport_cpp.so
[12.451s] -- Set runtime path of "/home/samx/ros2_ws/install/person_msgs/lib/libperson_msgs__rosidl_typesupport_cpp.so" to ""
[12.451s] -- Installing: /home/samx/ros2_ws/install/person_msgs/share/person_msgs/environment/pythonpath.sh
[12.452s] -- Installing: /home/samx/ros2_ws/install/person_msgs/share/person_msgs/environment/pythonpath.dsv
[12.452s] -- Installing: /home/samx/ros2_ws/install/person_msgs/lib/python3.8/site-packages/person_msgs/__init__.py
[12.497s] Compiling '/home/samx/ros2_ws/install/person_msgs/lib/python3.8/site-packages/person_msgs/__init__.py'...
[12.504s] -- Installing: /home/samx/ros2_ws/install/person_msgs/lib/python3.8/site-packages/person_msgs/msg
[12.505s] -- Installing: /home/samx/ros2_ws/install/person_msgs/lib/python3.8/site-packages/person_msgs/msg/_person.py
[12.505s] -- Installing: /home/samx/ros2_ws/install/person_msgs/lib/python3.8/site-packages/person_msgs/msg/_person_s.c
[12.505s] -- Installing: /home/samx/ros2_ws/install/person_msgs/lib/python3.8/site-packages/person_msgs/msg/__init__.py
[12.505s] -- Installing: /home/samx/ros2_ws/install/person_msgs/lib/python3.8/site-packages/person_msgs/person_msgs_s__rosidl_typesupport_fastrtps_c.cpython-38-x86_64-linux-gnu.so
[12.506s] -- Set runtime path of "/home/samx/ros2_ws/install/person_msgs/lib/python3.8/site-packages/person_msgs/person_msgs_s__rosidl_typesupport_fastrtps_c.cpython-38-x86_64-linux-gnu.so" to ""
[12.506s] -- Installing: /home/samx/ros2_ws/install/person_msgs/lib/python3.8/site-packages/person_msgs/person_msgs_s__rosidl_typesupport_introspection_c.cpython-38-x86_64-linux-gnu.so
[12.507s] -- Set runtime path of "/home/samx/ros2_ws/install/person_msgs/lib/python3.8/site-packages/person_msgs/person_msgs_s__rosidl_typesupport_introspection_c.cpython-38-x86_64-linux-gnu.so" to ""
[12.508s] -- Installing: /home/samx/ros2_ws/install/person_msgs/lib/python3.8/site-packages/person_msgs/person_msgs_s__rosidl_typesupport_c.cpython-38-x86_64-linux-gnu.so
[12.508s] -- Set runtime path of "/home/samx/ros2_ws/install/person_msgs/lib/python3.8/site-packages/person_msgs/person_msgs_s__rosidl_typesupport_c.cpython-38-x86_64-linux-gnu.so" to ""
[12.509s] -- Installing: /home/samx/ros2_ws/install/person_msgs/lib/libperson_msgs__python.so
[12.510s] -- Set runtime path of "/home/samx/ros2_ws/install/person_msgs/lib/libperson_msgs__python.so" to ""
[12.510s] -- Installing: /home/samx/ros2_ws/install/person_msgs/share/person_msgs/msg/Person.idl
[12.510s] -- Installing: /home/samx/ros2_ws/install/person_msgs/share/person_msgs/msg/Person.msg
[12.510s] -- Installing: /home/samx/ros2_ws/install/person_msgs/share/ament_index/resource_index/package_run_dependencies/person_msgs
[12.511s] -- Installing: /home/samx/ros2_ws/install/person_msgs/share/ament_index/resource_index/parent_prefix_path/person_msgs
[12.511s] -- Installing: /home/samx/ros2_ws/install/person_msgs/share/person_msgs/environment/ament_prefix_path.sh
[12.511s] -- Installing: /home/samx/ros2_ws/install/person_msgs/share/person_msgs/environment/ament_prefix_path.dsv
[12.512s] -- Installing: /home/samx/ros2_ws/install/person_msgs/share/person_msgs/environment/path.sh
[12.512s] -- Installing: /home/samx/ros2_ws/install/person_msgs/share/person_msgs/environment/path.dsv
[12.512s] -- Installing: /home/samx/ros2_ws/install/person_msgs/share/person_msgs/local_setup.bash
[12.513s] -- Installing: /home/samx/ros2_ws/install/person_msgs/share/person_msgs/local_setup.sh
[12.513s] -- Installing: /home/samx/ros2_ws/install/person_msgs/share/person_msgs/local_setup.zsh
[12.513s] -- Installing: /home/samx/ros2_ws/install/person_msgs/share/person_msgs/local_setup.dsv
[12.513s] -- Installing: /home/samx/ros2_ws/install/person_msgs/share/person_msgs/package.dsv
[12.514s] -- Installing: /home/samx/ros2_ws/install/person_msgs/share/ament_index/resource_index/packages/person_msgs
[12.514s] -- Installing: /home/samx/ros2_ws/install/person_msgs/share/person_msgs/cmake/person_msgs__rosidl_generator_cExport.cmake
[12.514s] -- Installing: /home/samx/ros2_ws/install/person_msgs/share/person_msgs/cmake/person_msgs__rosidl_generator_cExport-noconfig.cmake
[12.515s] -- Installing: /home/samx/ros2_ws/install/person_msgs/share/person_msgs/cmake/person_msgs__rosidl_typesupport_introspection_cExport.cmake
[12.515s] -- Installing: /home/samx/ros2_ws/install/person_msgs/share/person_msgs/cmake/person_msgs__rosidl_typesupport_introspection_cExport-noconfig.cmake
[12.515s] -- Installing: /home/samx/ros2_ws/install/person_msgs/share/person_msgs/cmake/person_msgs__rosidl_typesupport_cExport.cmake
[12.515s] -- Installing: /home/samx/ros2_ws/install/person_msgs/share/person_msgs/cmake/person_msgs__rosidl_typesupport_cExport-noconfig.cmake
[12.516s] -- Installing: /home/samx/ros2_ws/install/person_msgs/share/person_msgs/cmake/person_msgs__rosidl_generator_cppExport.cmake
[12.516s] -- Installing: /home/samx/ros2_ws/install/person_msgs/share/person_msgs/cmake/person_msgs__rosidl_typesupport_introspection_cppExport.cmake
[12.516s] -- Installing: /home/samx/ros2_ws/install/person_msgs/share/person_msgs/cmake/person_msgs__rosidl_typesupport_introspection_cppExport-noconfig.cmake
[12.517s] -- Installing: /home/samx/ros2_ws/install/person_msgs/share/person_msgs/cmake/person_msgs__rosidl_typesupport_cppExport.cmake
[12.517s] -- Installing: /home/samx/ros2_ws/install/person_msgs/share/person_msgs/cmake/person_msgs__rosidl_typesupport_cppExport-noconfig.cmake
[12.518s] -- Installing: /home/samx/ros2_ws/install/person_msgs/share/person_msgs/cmake/rosidl_cmake-extras.cmake
[12.518s] -- Installing: /home/samx/ros2_ws/install/person_msgs/share/person_msgs/cmake/ament_cmake_export_dependencies-extras.cmake
[12.519s] -- Installing: /home/samx/ros2_ws/install/person_msgs/share/person_msgs/cmake/ament_cmake_export_libraries-extras.cmake
[12.519s] -- Installing: /home/samx/ros2_ws/install/person_msgs/share/person_msgs/cmake/ament_cmake_export_targets-extras.cmake
[12.519s] -- Installing: /home/samx/ros2_ws/install/person_msgs/share/person_msgs/cmake/ament_cmake_export_include_directories-extras.cmake
[12.520s] -- Installing: /home/samx/ros2_ws/install/person_msgs/share/person_msgs/cmake/rosidl_cmake_export_typesupport_libraries-extras.cmake
[12.520s] -- Installing: /home/samx/ros2_ws/install/person_msgs/share/person_msgs/cmake/rosidl_cmake_export_typesupport_targets-extras.cmake
[12.520s] -- Installing: /home/samx/ros2_ws/install/person_msgs/share/person_msgs/cmake/person_msgsConfig.cmake
[12.520s] -- Installing: /home/samx/ros2_ws/install/person_msgs/share/person_msgs/cmake/person_msgsConfig-version.cmake
[12.520s] -- Installing: /home/samx/ros2_ws/install/person_msgs/share/person_msgs/package.xml
[12.523s] Invoked command in '/home/samx/ros2_ws/build/person_msgs' returned '0': CMAKE_PREFIX_PATH=/home/samx/ros2_ws/install/mypkg:/opt/ros/foxy /usr/bin/cmake --install /home/samx/ros2_ws/build/person_msgs
