[1.110s] Invoking command in '/home/samx/ros2_ws/src/mypkg': PYTHONPATH=/home/samx/ros2_ws/build/mypkg/prefix_override:/home/samx/ros2_ws/install/mypkg/lib/python3.8/site-packages:${PYTHONPATH} /usr/bin/python3 setup.py egg_info --egg-base ../../build/mypkg build --build-base /home/samx/ros2_ws/build/mypkg/build install --record /home/samx/ros2_ws/build/mypkg/install.log --install-scripts $base/lib/mypkg --single-version-externally-managed
[1.344s] running egg_info
[1.344s] writing ../../build/mypkg/mypkg.egg-info/PKG-INFO
[1.346s] writing dependency_links to ../../build/mypkg/mypkg.egg-info/dependency_links.txt
[1.346s] writing entry points to ../../build/mypkg/mypkg.egg-info/entry_points.txt
[1.347s] writing requirements to ../../build/mypkg/mypkg.egg-info/requires.txt
[1.347s] writing top-level names to ../../build/mypkg/mypkg.egg-info/top_level.txt
[1.390s] reading manifest file '../../build/mypkg/mypkg.egg-info/SOURCES.txt'
[1.392s] writing manifest file '../../build/mypkg/mypkg.egg-info/SOURCES.txt'
[1.392s] running build
[1.392s] running build_py
[1.393s] copying mypkg/listener.py -> /home/samx/ros2_ws/build/mypkg/build/lib/mypkg
[1.393s] running install
[1.393s] running install_lib
[1.394s] copying /home/samx/ros2_ws/build/mypkg/build/lib/mypkg/listener.py -> /home/samx/ros2_ws/install/mypkg/lib/python3.8/site-packages/mypkg
[1.395s] byte-compiling /home/samx/ros2_ws/install/mypkg/lib/python3.8/site-packages/mypkg/listener.py to listener.cpython-38.pyc
[1.397s] Sorry: IndentationError: unexpected indent (listener.py, line 10)
[1.397s] running install_data
[1.397s] copying package.xml -> /home/samx/ros2_ws/install/mypkg/share/mypkg
[1.398s] running install_egg_info
[1.400s] removing '/home/samx/ros2_ws/install/mypkg/lib/python3.8/site-packages/mypkg-0.0.0-py3.8.egg-info' (and everything under it)
[1.400s] Copying ../../build/mypkg/mypkg.egg-info to /home/samx/ros2_ws/install/mypkg/lib/python3.8/site-packages/mypkg-0.0.0-py3.8.egg-info
[1.401s] running install_scripts
[1.421s] Installing talker script to /home/samx/ros2_ws/install/mypkg/lib/mypkg
[1.421s] writing list of installed files to '/home/samx/ros2_ws/build/mypkg/install.log'
[1.451s] Invoked command in '/home/samx/ros2_ws/src/mypkg' returned '0': PYTHONPATH=/home/samx/ros2_ws/build/mypkg/prefix_override:/home/samx/ros2_ws/install/mypkg/lib/python3.8/site-packages:${PYTHONPATH} /usr/bin/python3 setup.py egg_info --egg-base ../../build/mypkg build --build-base /home/samx/ros2_ws/build/mypkg/build install --record /home/samx/ros2_ws/build/mypkg/install.log --install-scripts $base/lib/mypkg --single-version-externally-managed
