[1.449s] Invoking command in '/home/samx/ros2_ws/src/mypkg': PYTHONPATH=/home/samx/ros2_ws/build/mypkg/prefix_override:/home/samx/ros2_ws/install/mypkg/lib/python3.8/site-packages:${PYTHONPATH} /usr/bin/python3 setup.py egg_info --egg-base ../../build/mypkg build --build-base /home/samx/ros2_ws/build/mypkg/build install --record /home/samx/ros2_ws/build/mypkg/install.log --install-scripts $base/lib/mypkg --single-version-externally-managed
[1.661s] running egg_info
[1.662s] writing ../../build/mypkg/mypkg.egg-info/PKG-INFO
[1.663s] writing dependency_links to ../../build/mypkg/mypkg.egg-info/dependency_links.txt
[1.664s] writing entry points to ../../build/mypkg/mypkg.egg-info/entry_points.txt
[1.664s] writing requirements to ../../build/mypkg/mypkg.egg-info/requires.txt
[1.664s] writing top-level names to ../../build/mypkg/mypkg.egg-info/top_level.txt
[1.709s] reading manifest file '../../build/mypkg/mypkg.egg-info/SOURCES.txt'
[1.710s] writing manifest file '../../build/mypkg/mypkg.egg-info/SOURCES.txt'
[1.711s] running build
[1.711s] running build_py
[1.712s] copying mypkg/talker.py -> /home/samx/ros2_ws/build/mypkg/build/lib/mypkg
[1.714s] copying mypkg/listener.py -> /home/samx/ros2_ws/build/mypkg/build/lib/mypkg
[1.714s] running install
[1.715s] running install_lib
[1.720s] copying /home/samx/ros2_ws/build/mypkg/build/lib/mypkg/talker.py -> /home/samx/ros2_ws/install/mypkg/lib/python3.8/site-packages/mypkg
[1.721s] copying /home/samx/ros2_ws/build/mypkg/build/lib/mypkg/listener.py -> /home/samx/ros2_ws/install/mypkg/lib/python3.8/site-packages/mypkg
[1.721s] byte-compiling /home/samx/ros2_ws/install/mypkg/lib/python3.8/site-packages/mypkg/talker.py to talker.cpython-38.pyc
[1.722s] byte-compiling /home/samx/ros2_ws/install/mypkg/lib/python3.8/site-packages/mypkg/listener.py to listener.cpython-38.pyc
[1.723s] running install_data
[1.724s] running install_egg_info
[1.724s] removing '/home/samx/ros2_ws/install/mypkg/lib/python3.8/site-packages/mypkg-0.0.0-py3.8.egg-info' (and everything under it)
[1.726s] Copying ../../build/mypkg/mypkg.egg-info to /home/samx/ros2_ws/install/mypkg/lib/python3.8/site-packages/mypkg-0.0.0-py3.8.egg-info
[1.727s] running install_scripts
[1.741s] Installing listener script to /home/samx/ros2_ws/install/mypkg/lib/mypkg
[1.741s] Installing talker script to /home/samx/ros2_ws/install/mypkg/lib/mypkg
[1.742s] writing list of installed files to '/home/samx/ros2_ws/build/mypkg/install.log'
[1.772s] Invoked command in '/home/samx/ros2_ws/src/mypkg' returned '0': PYTHONPATH=/home/samx/ros2_ws/build/mypkg/prefix_override:/home/samx/ros2_ws/install/mypkg/lib/python3.8/site-packages:${PYTHONPATH} /usr/bin/python3 setup.py egg_info --egg-base ../../build/mypkg build --build-base /home/samx/ros2_ws/build/mypkg/build install --record /home/samx/ros2_ws/build/mypkg/install.log --install-scripts $base/lib/mypkg --single-version-externally-managed
