[2.676s] DEBUG:colcon:Command line arguments: ['/usr/bin/colcon', 'build']
[2.676s] DEBUG:colcon:Parsed command line arguments: Namespace(allow_overriding=[], ament_cmake_args=None, base_paths=['.'], build_base='build', catkin_cmake_args=None, catkin_skip_building_tests=False, cmake_args=None, cmake_clean_cache=False, cmake_clean_first=False, cmake_force_configure=False, cmake_target=None, cmake_target_skip_unavailable=False, continue_on_error=False, event_handlers=None, executor='parallel', ignore_user_meta=False, install_base='install', log_base=None, log_level=None, main=<bound method BuildVerb.main of <colcon_core.verb.build.BuildVerb object at 0x7fe59d1efa30>>, merge_install=False, metas=['./colcon.meta'], packages_above=None, packages_above_and_dependencies=None, packages_above_depth=None, packages_end=None, packages_ignore=None, packages_ignore_regex=None, packages_select=None, packages_select_build_failed=False, packages_select_by_dep=None, packages_select_regex=None, packages_select_test_failures=False, packages_skip=None, packages_skip_build_finished=False, packages_skip_by_dep=None, packages_skip_regex=None, packages_skip_test_passed=False, packages_skip_up_to=None, packages_start=None, packages_up_to=None, packages_up_to_regex=None, parallel_workers=16, paths=None, symlink_install=False, test_result_base=None, verb_extension=<colcon_core.verb.build.BuildVerb object at 0x7fe59d1efa30>, verb_name='build', verb_parser=<colcon_defaults.argument_parser.defaults.DefaultArgumentsDecorator object at 0x7fe59ce48ac0>)
[2.793s] Level 1:colcon.colcon_core.package_discovery:discover_packages(colcon_meta) check parameters
[2.793s] Level 1:colcon.colcon_core.package_discovery:discover_packages(recursive) check parameters
[2.793s] Level 1:colcon.colcon_core.package_discovery:discover_packages(ignore) check parameters
[2.793s] Level 1:colcon.colcon_core.package_discovery:discover_packages(path) check parameters
[2.793s] Level 1:colcon.colcon_core.package_discovery:discover_packages(colcon_meta) discover
[2.793s] Level 1:colcon.colcon_core.package_discovery:discover_packages(recursive) discover
[2.794s] INFO:colcon.colcon_core.package_discovery:Crawling recursively for packages in '/home/samx/ros2_ws'
[2.794s] Level 1:colcon.colcon_core.package_identification:_identify(.) by extensions ['ignore', 'ignore_ament_install']
[2.794s] Level 1:colcon.colcon_core.package_identification:_identify(.) by extension 'ignore'
[2.794s] Level 1:colcon.colcon_core.package_identification:_identify(.) by extension 'ignore_ament_install'
[2.794s] Level 1:colcon.colcon_core.package_identification:_identify(.) by extensions ['colcon_pkg']
[2.794s] Level 1:colcon.colcon_core.package_identification:_identify(.) by extension 'colcon_pkg'
[2.794s] Level 1:colcon.colcon_core.package_identification:_identify(.) by extensions ['colcon_meta']
[2.794s] Level 1:colcon.colcon_core.package_identification:_identify(.) by extension 'colcon_meta'
[2.794s] Level 1:colcon.colcon_core.package_identification:_identify(.) by extensions ['ros']
[2.794s] Level 1:colcon.colcon_core.package_identification:_identify(.) by extension 'ros'
[2.811s] Level 1:colcon.colcon_core.package_identification:_identify(.) by extensions ['cmake', 'python']
[2.811s] Level 1:colcon.colcon_core.package_identification:_identify(.) by extension 'cmake'
[2.811s] Level 1:colcon.colcon_core.package_identification:_identify(.) by extension 'python'
[2.811s] Level 1:colcon.colcon_core.package_identification:_identify(.) by extensions ['python_setup_py']
[2.811s] Level 1:colcon.colcon_core.package_identification:_identify(.) by extension 'python_setup_py'
[2.811s] Level 1:colcon.colcon_core.package_identification:_identify(build) by extensions ['ignore', 'ignore_ament_install']
[2.811s] Level 1:colcon.colcon_core.package_identification:_identify(build) by extension 'ignore'
[2.811s] Level 1:colcon.colcon_core.package_identification:_identify(build) ignored
[2.811s] Level 1:colcon.colcon_core.package_identification:_identify(install) by extensions ['ignore', 'ignore_ament_install']
[2.812s] Level 1:colcon.colcon_core.package_identification:_identify(install) by extension 'ignore'
[2.812s] Level 1:colcon.colcon_core.package_identification:_identify(install) ignored
[2.812s] Level 1:colcon.colcon_core.package_identification:_identify(log) by extensions ['ignore', 'ignore_ament_install']
[2.812s] Level 1:colcon.colcon_core.package_identification:_identify(log) by extension 'ignore'
[2.812s] Level 1:colcon.colcon_core.package_identification:_identify(log) ignored
[2.812s] Level 1:colcon.colcon_core.package_identification:_identify(src) by extensions ['ignore', 'ignore_ament_install']
[2.812s] Level 1:colcon.colcon_core.package_identification:_identify(src) by extension 'ignore'
[2.812s] Level 1:colcon.colcon_core.package_identification:_identify(src) by extension 'ignore_ament_install'
[2.812s] Level 1:colcon.colcon_core.package_identification:_identify(src) by extensions ['colcon_pkg']
[2.812s] Level 1:colcon.colcon_core.package_identification:_identify(src) by extension 'colcon_pkg'
[2.812s] Level 1:colcon.colcon_core.package_identification:_identify(src) by extensions ['colcon_meta']
[2.812s] Level 1:colcon.colcon_core.package_identification:_identify(src) by extension 'colcon_meta'
[2.812s] Level 1:colcon.colcon_core.package_identification:_identify(src) by extensions ['ros']
[2.812s] Level 1:colcon.colcon_core.package_identification:_identify(src) by extension 'ros'
[2.812s] Level 1:colcon.colcon_core.package_identification:_identify(src) by extensions ['cmake', 'python']
[2.813s] Level 1:colcon.colcon_core.package_identification:_identify(src) by extension 'cmake'
[2.813s] Level 1:colcon.colcon_core.package_identification:_identify(src) by extension 'python'
[2.813s] Level 1:colcon.colcon_core.package_identification:_identify(src) by extensions ['python_setup_py']
[2.813s] Level 1:colcon.colcon_core.package_identification:_identify(src) by extension 'python_setup_py'
[2.813s] Level 1:colcon.colcon_core.package_identification:_identify(src/mypkg) by extensions ['ignore', 'ignore_ament_install']
[2.813s] Level 1:colcon.colcon_core.package_identification:_identify(src/mypkg) by extension 'ignore'
[2.813s] Level 1:colcon.colcon_core.package_identification:_identify(src/mypkg) by extension 'ignore_ament_install'
[2.813s] Level 1:colcon.colcon_core.package_identification:_identify(src/mypkg) by extensions ['colcon_pkg']
[2.813s] Level 1:colcon.colcon_core.package_identification:_identify(src/mypkg) by extension 'colcon_pkg'
[2.813s] Level 1:colcon.colcon_core.package_identification:_identify(src/mypkg) by extensions ['colcon_meta']
[2.813s] Level 1:colcon.colcon_core.package_identification:_identify(src/mypkg) by extension 'colcon_meta'
[2.813s] Level 1:colcon.colcon_core.package_identification:_identify(src/mypkg) by extensions ['ros']
[2.813s] Level 1:colcon.colcon_core.package_identification:_identify(src/mypkg) by extension 'ros'
[2.816s] DEBUG:colcon.colcon_core.package_identification:Package 'src/mypkg' with type 'ros.ament_python' and name 'mypkg'
[2.816s] Level 1:colcon.colcon_core.package_identification:_identify(src/person_msgs) by extensions ['ignore', 'ignore_ament_install']
[2.817s] Level 1:colcon.colcon_core.package_identification:_identify(src/person_msgs) by extension 'ignore'
[2.817s] Level 1:colcon.colcon_core.package_identification:_identify(src/person_msgs) by extension 'ignore_ament_install'
[2.817s] Level 1:colcon.colcon_core.package_identification:_identify(src/person_msgs) by extensions ['colcon_pkg']
[2.817s] Level 1:colcon.colcon_core.package_identification:_identify(src/person_msgs) by extension 'colcon_pkg'
[2.817s] Level 1:colcon.colcon_core.package_identification:_identify(src/person_msgs) by extensions ['colcon_meta']
[2.817s] Level 1:colcon.colcon_core.package_identification:_identify(src/person_msgs) by extension 'colcon_meta'
[2.817s] Level 1:colcon.colcon_core.package_identification:_identify(src/person_msgs) by extensions ['ros']
[2.817s] Level 1:colcon.colcon_core.package_identification:_identify(src/person_msgs) by extension 'ros'
[2.818s] DEBUG:colcon.colcon_core.package_identification:Package 'src/person_msgs' with type 'ros.ament_cmake' and name 'person_msgs'
[2.818s] Level 1:colcon.colcon_core.package_discovery:discover_packages(recursive) using defaults
[2.818s] Level 1:colcon.colcon_core.package_discovery:discover_packages(ignore) discover
[2.818s] Level 1:colcon.colcon_core.package_discovery:discover_packages(ignore) using defaults
[2.818s] Level 1:colcon.colcon_core.package_discovery:discover_packages(path) discover
[2.818s] Level 1:colcon.colcon_core.package_discovery:discover_packages(path) using defaults
[3.038s] Level 1:colcon.colcon_core.package_discovery:discover_packages(prefix_path) check parameters
[3.038s] Level 1:colcon.colcon_core.package_discovery:discover_packages(prefix_path) discover
[3.116s] DEBUG:colcon.colcon_installed_package_information.package_discovery:Found 2 installed packages in /home/samx/ros2_ws/install
[3.155s] DEBUG:colcon.colcon_installed_package_information.package_discovery:Found 256 installed packages in /opt/ros/foxy
[3.157s] Level 1:colcon.colcon_core.package_discovery:discover_packages(prefix_path) using defaults
[3.332s] Level 5:colcon.colcon_core.verb:set package 'mypkg' build argument 'cmake_args' from command line to 'None'
[3.332s] Level 5:colcon.colcon_core.verb:set package 'mypkg' build argument 'cmake_target' from command line to 'None'
[3.332s] Level 5:colcon.colcon_core.verb:set package 'mypkg' build argument 'cmake_target_skip_unavailable' from command line to 'False'
[3.332s] Level 5:colcon.colcon_core.verb:set package 'mypkg' build argument 'cmake_clean_cache' from command line to 'False'
[3.332s] Level 5:colcon.colcon_core.verb:set package 'mypkg' build argument 'cmake_clean_first' from command line to 'False'
[3.332s] Level 5:colcon.colcon_core.verb:set package 'mypkg' build argument 'cmake_force_configure' from command line to 'False'
[3.332s] Level 5:colcon.colcon_core.verb:set package 'mypkg' build argument 'ament_cmake_args' from command line to 'None'
[3.332s] Level 5:colcon.colcon_core.verb:set package 'mypkg' build argument 'catkin_cmake_args' from command line to 'None'
[3.332s] Level 5:colcon.colcon_core.verb:set package 'mypkg' build argument 'catkin_skip_building_tests' from command line to 'False'
[3.332s] DEBUG:colcon.colcon_core.verb:Building package 'mypkg' with the following arguments: {'ament_cmake_args': None, 'build_base': '/home/samx/ros2_ws/build/mypkg', 'catkin_cmake_args': None, 'catkin_skip_building_tests': False, 'cmake_args': None, 'cmake_clean_cache': False, 'cmake_clean_first': False, 'cmake_force_configure': False, 'cmake_target': None, 'cmake_target_skip_unavailable': False, 'install_base': '/home/samx/ros2_ws/install/mypkg', 'merge_install': False, 'path': '/home/samx/ros2_ws/src/mypkg', 'symlink_install': False, 'test_result_base': None}
[3.371s] Level 5:colcon.colcon_core.verb:set package 'person_msgs' build argument 'cmake_args' from command line to 'None'
[3.371s] Level 5:colcon.colcon_core.verb:set package 'person_msgs' build argument 'cmake_target' from command line to 'None'
[3.371s] Level 5:colcon.colcon_core.verb:set package 'person_msgs' build argument 'cmake_target_skip_unavailable' from command line to 'False'
[3.371s] Level 5:colcon.colcon_core.verb:set package 'person_msgs' build argument 'cmake_clean_cache' from command line to 'False'
[3.371s] Level 5:colcon.colcon_core.verb:set package 'person_msgs' build argument 'cmake_clean_first' from command line to 'False'
[3.371s] Level 5:colcon.colcon_core.verb:set package 'person_msgs' build argument 'cmake_force_configure' from command line to 'False'
[3.371s] Level 5:colcon.colcon_core.verb:set package 'person_msgs' build argument 'ament_cmake_args' from command line to 'None'
[3.371s] Level 5:colcon.colcon_core.verb:set package 'person_msgs' build argument 'catkin_cmake_args' from command line to 'None'
[3.371s] Level 5:colcon.colcon_core.verb:set package 'person_msgs' build argument 'catkin_skip_building_tests' from command line to 'False'
[3.371s] DEBUG:colcon.colcon_core.verb:Building package 'person_msgs' with the following arguments: {'ament_cmake_args': None, 'build_base': '/home/samx/ros2_ws/build/person_msgs', 'catkin_cmake_args': None, 'catkin_skip_building_tests': False, 'cmake_args': None, 'cmake_clean_cache': False, 'cmake_clean_first': False, 'cmake_force_configure': False, 'cmake_target': None, 'cmake_target_skip_unavailable': False, 'install_base': '/home/samx/ros2_ws/install/person_msgs', 'merge_install': False, 'path': '/home/samx/ros2_ws/src/person_msgs', 'symlink_install': False, 'test_result_base': None}
[3.410s] INFO:colcon.colcon_core.executor:Executing jobs using 'parallel' executor
[3.448s] DEBUG:colcon.colcon_parallel_executor.executor.parallel:run_until_complete
[3.449s] INFO:colcon.colcon_ros.task.ament_python.build:Building ROS package in '/home/samx/ros2_ws/src/mypkg' with build type 'ament_python'
[3.449s] Level 1:colcon.colcon_core.shell:create_environment_hook('mypkg', 'ament_prefix_path')
[3.491s] INFO:colcon.colcon_core.plugin_system:Skipping extension 'colcon_core.shell.bat': Not used on non-Windows systems
[3.492s] INFO:colcon.colcon_core.shell:Creating environment hook '/home/samx/ros2_ws/install/mypkg/share/mypkg/hook/ament_prefix_path.ps1'
[3.492s] INFO:colcon.colcon_core.shell:Creating environment descriptor '/home/samx/ros2_ws/install/mypkg/share/mypkg/hook/ament_prefix_path.dsv'
[3.493s] INFO:colcon.colcon_core.shell:Creating environment hook '/home/samx/ros2_ws/install/mypkg/share/mypkg/hook/ament_prefix_path.sh'
[3.539s] INFO:colcon.colcon_core.shell:Skip shell extension 'powershell' for command environment: Not usable outside of PowerShell
[3.539s] DEBUG:colcon.colcon_core.shell:Skip shell extension 'dsv' for command environment
[3.670s] INFO:colcon.colcon_ros.task.ament_cmake.build:Building ROS package in '/home/samx/ros2_ws/src/person_msgs' with build type 'ament_cmake'
[3.671s] INFO:colcon.colcon_cmake.task.cmake.build:Building CMake package in '/home/samx/ros2_ws/src/person_msgs'
[3.716s] INFO:colcon.colcon_core.shell:Skip shell extension 'powershell' for command environment: Not usable outside of PowerShell
[3.716s] DEBUG:colcon.colcon_core.shell:Skip shell extension 'dsv' for command environment
[4.094s] INFO:colcon.colcon_core.task.python.build:Building Python package in '/home/samx/ros2_ws/src/mypkg'
[4.133s] INFO:colcon.colcon_core.shell:Skip shell extension 'powershell' for command environment: Not usable outside of PowerShell
[4.133s] DEBUG:colcon.colcon_core.shell:Skip shell extension 'dsv' for command environment
[4.268s] DEBUG:colcon.colcon_core.event_handler.log_command:Invoking command in '/home/samx/ros2_ws/build/person_msgs': CMAKE_PREFIX_PATH=${CMAKE_PREFIX_PATH}:/home/samx/ros2_ws/install/mypkg:/opt/ros/foxy /usr/bin/cmake --build /home/samx/ros2_ws/build/person_msgs -- -j16 -l16
[4.560s] DEBUG:colcon.colcon_core.event_handler.log_command:Invoked command in '/home/samx/ros2_ws/build/person_msgs' returned '0': CMAKE_PREFIX_PATH=${CMAKE_PREFIX_PATH}:/home/samx/ros2_ws/install/mypkg:/opt/ros/foxy /usr/bin/cmake --build /home/samx/ros2_ws/build/person_msgs -- -j16 -l16
[4.639s] DEBUG:colcon.colcon_core.event_handler.log_command:Invoking command in '/home/samx/ros2_ws/build/person_msgs': CMAKE_PREFIX_PATH=${CMAKE_PREFIX_PATH}:/home/samx/ros2_ws/install/mypkg:/opt/ros/foxy /usr/bin/cmake --install /home/samx/ros2_ws/build/person_msgs
[4.718s] Level 1:colcon.colcon_core.environment:create_environment_scripts_only(person_msgs)
[4.720s] DEBUG:colcon.colcon_core.event_handler.log_command:Invoked command in '/home/samx/ros2_ws/build/person_msgs' returned '0': CMAKE_PREFIX_PATH=${CMAKE_PREFIX_PATH}:/home/samx/ros2_ws/install/mypkg:/opt/ros/foxy /usr/bin/cmake --install /home/samx/ros2_ws/build/person_msgs
[4.775s] Level 1:colcon.colcon_core.environment:checking '/home/samx/ros2_ws/install/person_msgs' for CMake module files
[4.775s] Level 1:colcon.colcon_core.environment:checking '/home/samx/ros2_ws/install/person_msgs' for CMake config files
[4.776s] Level 1:colcon.colcon_core.shell:create_environment_hook('person_msgs', 'cmake_prefix_path')
[4.823s] INFO:colcon.colcon_core.shell:Creating environment hook '/home/samx/ros2_ws/install/person_msgs/share/person_msgs/hook/cmake_prefix_path.ps1'
[4.824s] INFO:colcon.colcon_core.shell:Creating environment descriptor '/home/samx/ros2_ws/install/person_msgs/share/person_msgs/hook/cmake_prefix_path.dsv'
[4.824s] INFO:colcon.colcon_core.shell:Creating environment hook '/home/samx/ros2_ws/install/person_msgs/share/person_msgs/hook/cmake_prefix_path.sh'
[4.826s] Level 1:colcon.colcon_core.environment:checking '/home/samx/ros2_ws/install/person_msgs/lib'
[4.826s] Level 1:colcon.colcon_core.shell:create_environment_hook('person_msgs', 'ld_library_path_lib')
[4.865s] INFO:colcon.colcon_core.shell:Creating environment hook '/home/samx/ros2_ws/install/person_msgs/share/person_msgs/hook/ld_library_path_lib.ps1'
[4.865s] INFO:colcon.colcon_core.shell:Creating environment descriptor '/home/samx/ros2_ws/install/person_msgs/share/person_msgs/hook/ld_library_path_lib.dsv'
[4.865s] INFO:colcon.colcon_core.shell:Creating environment hook '/home/samx/ros2_ws/install/person_msgs/share/person_msgs/hook/ld_library_path_lib.sh'
[4.866s] Level 1:colcon.colcon_core.environment:checking '/home/samx/ros2_ws/install/person_msgs/bin'
[4.866s] Level 1:colcon.colcon_core.environment:checking '/home/samx/ros2_ws/install/person_msgs/lib/pkgconfig/person_msgs.pc'
[4.866s] Level 1:colcon.colcon_core.environment:checking '/home/samx/ros2_ws/install/person_msgs/lib/python3.8/site-packages'
[4.866s] Level 1:colcon.colcon_core.shell:create_environment_hook('person_msgs', 'pythonpath')
[4.907s] INFO:colcon.colcon_core.shell:Creating environment hook '/home/samx/ros2_ws/install/person_msgs/share/person_msgs/hook/pythonpath.ps1'
[4.908s] INFO:colcon.colcon_core.shell:Creating environment descriptor '/home/samx/ros2_ws/install/person_msgs/share/person_msgs/hook/pythonpath.dsv'
[4.908s] INFO:colcon.colcon_core.shell:Creating environment hook '/home/samx/ros2_ws/install/person_msgs/share/person_msgs/hook/pythonpath.sh'
[4.909s] Level 1:colcon.colcon_core.environment:checking '/home/samx/ros2_ws/install/person_msgs/bin'
[4.947s] INFO:colcon.colcon_core.shell:Creating package script '/home/samx/ros2_ws/install/person_msgs/share/person_msgs/package.ps1'
[4.948s] INFO:colcon.colcon_core.shell:Creating package descriptor '/home/samx/ros2_ws/install/person_msgs/share/person_msgs/package.dsv'
[4.949s] INFO:colcon.colcon_core.shell:Creating package script '/home/samx/ros2_ws/install/person_msgs/share/person_msgs/package.sh'
[4.950s] INFO:colcon.colcon_core.shell:Creating package script '/home/samx/ros2_ws/install/person_msgs/share/person_msgs/package.bash'
[4.951s] INFO:colcon.colcon_core.shell:Creating package script '/home/samx/ros2_ws/install/person_msgs/share/person_msgs/package.zsh'
[4.952s] Level 1:colcon.colcon_core.environment:create_file_with_runtime_dependencies(/home/samx/ros2_ws/install/person_msgs/share/colcon-core/packages/person_msgs)
[4.959s] DEBUG:colcon.colcon_core.event_handler.log_command:Invoking command in '/home/samx/ros2_ws/src/mypkg': PYTHONPATH=/home/samx/ros2_ws/build/mypkg/prefix_override:/home/samx/ros2_ws/install/mypkg/lib/python3.8/site-packages:${PYTHONPATH} /usr/bin/python3 setup.py egg_info --egg-base ../../build/mypkg build --build-base /home/samx/ros2_ws/build/mypkg/build install --record /home/samx/ros2_ws/build/mypkg/install.log --install-scripts $base/lib/mypkg --single-version-externally-managed
[5.068s] Level 1:colcon.colcon_core.environment:create_environment_scripts_only(person_msgs)
[5.113s] Level 1:colcon.colcon_core.environment:checking '/home/samx/ros2_ws/install/person_msgs' for CMake module files
[5.114s] Level 1:colcon.colcon_core.environment:checking '/home/samx/ros2_ws/install/person_msgs' for CMake config files
[5.114s] Level 1:colcon.colcon_core.shell:create_environment_hook('person_msgs', 'cmake_prefix_path')
[5.162s] INFO:colcon.colcon_core.shell:Creating environment hook '/home/samx/ros2_ws/install/person_msgs/share/person_msgs/hook/cmake_prefix_path.ps1'
[5.162s] INFO:colcon.colcon_core.shell:Creating environment descriptor '/home/samx/ros2_ws/install/person_msgs/share/person_msgs/hook/cmake_prefix_path.dsv'
[5.163s] INFO:colcon.colcon_core.shell:Creating environment hook '/home/samx/ros2_ws/install/person_msgs/share/person_msgs/hook/cmake_prefix_path.sh'
[5.164s] Level 1:colcon.colcon_core.environment:checking '/home/samx/ros2_ws/install/person_msgs/lib'
[5.164s] Level 1:colcon.colcon_core.shell:create_environment_hook('person_msgs', 'ld_library_path_lib')
[5.206s] INFO:colcon.colcon_core.shell:Creating environment hook '/home/samx/ros2_ws/install/person_msgs/share/person_msgs/hook/ld_library_path_lib.ps1'
[5.206s] INFO:colcon.colcon_core.shell:Creating environment descriptor '/home/samx/ros2_ws/install/person_msgs/share/person_msgs/hook/ld_library_path_lib.dsv'
[5.207s] INFO:colcon.colcon_core.shell:Creating environment hook '/home/samx/ros2_ws/install/person_msgs/share/person_msgs/hook/ld_library_path_lib.sh'
[5.207s] Level 1:colcon.colcon_core.environment:checking '/home/samx/ros2_ws/install/person_msgs/bin'
[5.207s] Level 1:colcon.colcon_core.environment:checking '/home/samx/ros2_ws/install/person_msgs/lib/pkgconfig/person_msgs.pc'
[5.207s] Level 1:colcon.colcon_core.environment:checking '/home/samx/ros2_ws/install/person_msgs/lib/python3.8/site-packages'
[5.207s] Level 1:colcon.colcon_core.shell:create_environment_hook('person_msgs', 'pythonpath')
[5.262s] INFO:colcon.colcon_core.shell:Creating environment hook '/home/samx/ros2_ws/install/person_msgs/share/person_msgs/hook/pythonpath.ps1'
[5.263s] INFO:colcon.colcon_core.shell:Creating environment descriptor '/home/samx/ros2_ws/install/person_msgs/share/person_msgs/hook/pythonpath.dsv'
[5.263s] INFO:colcon.colcon_core.shell:Creating environment hook '/home/samx/ros2_ws/install/person_msgs/share/person_msgs/hook/pythonpath.sh'
[5.264s] Level 1:colcon.colcon_core.environment:checking '/home/samx/ros2_ws/install/person_msgs/bin'
[5.328s] INFO:colcon.colcon_core.shell:Creating package script '/home/samx/ros2_ws/install/person_msgs/share/person_msgs/package.ps1'
[5.329s] INFO:colcon.colcon_core.shell:Creating package descriptor '/home/samx/ros2_ws/install/person_msgs/share/person_msgs/package.dsv'
[5.333s] INFO:colcon.colcon_core.shell:Creating package script '/home/samx/ros2_ws/install/person_msgs/share/person_msgs/package.sh'
[5.334s] INFO:colcon.colcon_core.shell:Creating package script '/home/samx/ros2_ws/install/person_msgs/share/person_msgs/package.bash'
[5.335s] INFO:colcon.colcon_core.shell:Creating package script '/home/samx/ros2_ws/install/person_msgs/share/person_msgs/package.zsh'
[5.336s] Level 1:colcon.colcon_core.environment:create_file_with_runtime_dependencies(/home/samx/ros2_ws/install/person_msgs/share/colcon-core/packages/person_msgs)
[5.365s] DEBUG:colcon.colcon_core.event_handler.log_command:Invoked command in '/home/samx/ros2_ws/src/mypkg' returned '0': PYTHONPATH=/home/samx/ros2_ws/build/mypkg/prefix_override:/home/samx/ros2_ws/install/mypkg/lib/python3.8/site-packages:${PYTHONPATH} /usr/bin/python3 setup.py egg_info --egg-base ../../build/mypkg build --build-base /home/samx/ros2_ws/build/mypkg/build install --record /home/samx/ros2_ws/build/mypkg/install.log --install-scripts $base/lib/mypkg --single-version-externally-managed
[5.408s] Level 1:colcon.colcon_core.environment:checking '/home/samx/ros2_ws/install/mypkg' for CMake module files
[5.409s] Level 1:colcon.colcon_core.environment:checking '/home/samx/ros2_ws/install/mypkg' for CMake config files
[5.409s] Level 1:colcon.colcon_core.environment:checking '/home/samx/ros2_ws/install/mypkg/lib'
[5.410s] Level 1:colcon.colcon_core.environment:checking '/home/samx/ros2_ws/install/mypkg/bin'
[5.410s] Level 1:colcon.colcon_core.environment:checking '/home/samx/ros2_ws/install/mypkg/lib/pkgconfig/mypkg.pc'
[5.410s] Level 1:colcon.colcon_core.environment:checking '/home/samx/ros2_ws/install/mypkg/lib/python3.8/site-packages'
[5.410s] Level 1:colcon.colcon_core.shell:create_environment_hook('mypkg', 'pythonpath')
[5.452s] INFO:colcon.colcon_core.shell:Creating environment hook '/home/samx/ros2_ws/install/mypkg/share/mypkg/hook/pythonpath.ps1'
[5.452s] INFO:colcon.colcon_core.shell:Creating environment descriptor '/home/samx/ros2_ws/install/mypkg/share/mypkg/hook/pythonpath.dsv'
[5.452s] INFO:colcon.colcon_core.shell:Creating environment hook '/home/samx/ros2_ws/install/mypkg/share/mypkg/hook/pythonpath.sh'
[5.453s] Level 1:colcon.colcon_core.environment:checking '/home/samx/ros2_ws/install/mypkg/bin'
[5.453s] Level 1:colcon.colcon_core.environment:create_environment_scripts_only(mypkg)
[5.498s] INFO:colcon.colcon_core.shell:Creating package script '/home/samx/ros2_ws/install/mypkg/share/mypkg/package.ps1'
[5.499s] INFO:colcon.colcon_core.shell:Creating package descriptor '/home/samx/ros2_ws/install/mypkg/share/mypkg/package.dsv'
[5.499s] INFO:colcon.colcon_core.shell:Creating package script '/home/samx/ros2_ws/install/mypkg/share/mypkg/package.sh'
[5.500s] INFO:colcon.colcon_core.shell:Creating package script '/home/samx/ros2_ws/install/mypkg/share/mypkg/package.bash'
[5.500s] INFO:colcon.colcon_core.shell:Creating package script '/home/samx/ros2_ws/install/mypkg/share/mypkg/package.zsh'
[5.500s] Level 1:colcon.colcon_core.environment:create_file_with_runtime_dependencies(/home/samx/ros2_ws/install/mypkg/share/colcon-core/packages/mypkg)
[5.501s] DEBUG:colcon.colcon_parallel_executor.executor.parallel:closing loop
[5.502s] DEBUG:colcon.colcon_parallel_executor.executor.parallel:loop closed
[5.502s] DEBUG:colcon.colcon_parallel_executor.executor.parallel:run_until_complete finished with '0'
[5.502s] DEBUG:colcon.colcon_core.event_reactor:joining thread
[5.596s] INFO:colcon.colcon_core.plugin_system:Skipping extension 'colcon_notification.desktop_notification.notify_send': Could not find 'notify-send'
[5.596s] INFO:colcon.colcon_core.plugin_system:Skipping extension 'colcon_notification.desktop_notification.terminal_notifier': Not used on non-Darwin systems
[5.597s] INFO:colcon.colcon_core.plugin_system:Skipping extension 'colcon_notification.desktop_notification.win32': Not used on non-Windows systems
[5.597s] INFO:colcon.colcon_notification.desktop_notification:Sending desktop notification using 'notify2'
[5.604s] DEBUG:colcon.colcon_notification.desktop_notification.notify2:Failed to initialize notify2: org.freedesktop.DBus.Error.ServiceUnknown: The name org.freedesktop.Notifications was not provided by any .service files
[5.604s] DEBUG:colcon.colcon_core.event_reactor:joined thread
[5.645s] INFO:colcon.colcon_core.shell:Creating prefix script '/home/samx/ros2_ws/install/local_setup.ps1'
[5.646s] INFO:colcon.colcon_core.shell:Creating prefix util module '/home/samx/ros2_ws/install/_local_setup_util_ps1.py'
[5.648s] INFO:colcon.colcon_core.shell:Creating prefix chain script '/home/samx/ros2_ws/install/setup.ps1'
[5.688s] INFO:colcon.colcon_core.shell:Creating prefix script '/home/samx/ros2_ws/install/local_setup.sh'
[5.688s] INFO:colcon.colcon_core.shell:Creating prefix util module '/home/samx/ros2_ws/install/_local_setup_util_sh.py'
[5.689s] INFO:colcon.colcon_core.shell:Creating prefix chain script '/home/samx/ros2_ws/install/setup.sh'
[5.728s] INFO:colcon.colcon_core.shell:Creating prefix script '/home/samx/ros2_ws/install/local_setup.bash'
[5.729s] INFO:colcon.colcon_core.shell:Creating prefix chain script '/home/samx/ros2_ws/install/setup.bash'
[5.769s] INFO:colcon.colcon_core.shell:Creating prefix script '/home/samx/ros2_ws/install/local_setup.zsh'
[5.769s] INFO:colcon.colcon_core.shell:Creating prefix chain script '/home/samx/ros2_ws/install/setup.zsh'
