[0.617s] Invoking command in '/home/samx/ros2_ws/build/person_msgs': CMAKE_PREFIX_PATH=/home/samx/ros2_ws/install/mypkg:/opt/ros/foxy /usr/bin/cmake /home/samx/ros2_ws/src/person_msgs -DCMAKE_INSTALL_PREFIX=/home/samx/ros2_ws/install/person_msgs
[0.631s] -- Found ament_cmake: 0.9.12 (/opt/ros/foxy/share/ament_cmake/cmake)
[0.656s] -- Found PythonInterp: /usr/bin/python3 (found suitable version "3.8.10", minimum required is "3") 
[0.657s] -- Using PYTHON_EXECUTABLE: /usr/bin/python3
[0.886s] -- Found rosidl_default_generators: 1.0.1 (/opt/ros/foxy/share/rosidl_default_generators/cmake)
[0.888s] -- Using all available rosidl_typesupport_c: rosidl_typesupport_fastrtps_c;rosidl_typesupport_introspection_c
[0.893s] -- Found rosidl_adapter: 1.3.1 (/opt/ros/foxy/share/rosidl_adapter/cmake)
[4.570s] -- Using all available rosidl_typesupport_cpp: rosidl_typesupport_fastrtps_cpp;rosidl_typesupport_introspection_cpp
[4.625s] -- Found PythonInterp: /usr/bin/python3 (found version "3.8.10") 
[4.845s] CMake Error at /opt/ros/foxy/share/rosidl_adapter/cmake/rosidl_adapt_interfaces.cmake:60 (message):
[4.845s]   execute_process(/usr/bin/python3 -m rosidl_adapter --package-name
[4.845s]   person_msgs --arguments-file
[4.845s]   /home/samx/ros2_ws/build/person_msgs/rosidl_adapter__arguments__person_msgs.json
[4.845s]   --output-dir
[4.845s]   /home/samx/ros2_ws/build/person_msgs/rosidl_adapter/person_msgs
[4.845s]   --output-file
[4.845s]   /home/samx/ros2_ws/build/person_msgs/rosidl_adapter/person_msgs.idls)
[4.846s]   returned error code 1:
[4.846s] 
[4.846s]   Error processing 'unit8 age' of 'person_msgs/Person': ''unit8' is an
[4.847s]   invalid message name.  It should have the pattern '^[A-Z][A-Za-z0-9]*$''
[4.847s] 
[4.847s]   Traceback (most recent call last):
[4.847s] 
[4.847s]     File "/usr/lib/python3.8/runpy.py", line 194, in _run_module_as_main
[4.847s]       return _run_code(code, main_globals, None,
[4.847s]     File "/usr/lib/python3.8/runpy.py", line 87, in _run_code
[4.847s]       exec(code, run_globals)
[4.847s]     File "/opt/ros/foxy/lib/python3.8/site-packages/rosidl_adapter/__main__.py", line 19, in <module>
[4.847s]       sys.exit(main())
[4.848s]     File "/opt/ros/foxy/lib/python3.8/site-packages/rosidl_adapter/main.py", line 53, in main
[4.848s]       abs_idl_file = convert_to_idl(
[4.848s]     File "/opt/ros/foxy/lib/python3.8/site-packages/rosidl_adapter/__init__.py", line 19, in convert_to_idl
[4.848s]       return convert_msg_to_idl(
[4.848s]     File "/opt/ros/foxy/lib/python3.8/site-packages/rosidl_adapter/msg/__init__.py", line 28, in convert_msg_to_idl
[4.848s]       msg = parse_message_string(package_name, input_file.stem, content)
[4.848s]     File "/opt/ros/foxy/lib/python3.8/site-packages/rosidl_adapter/parser.py", line 516, in parse_message_string
[4.848s]       Type(type_string, context_package_name=pkg_name),
[4.848s]     File "/opt/ros/foxy/lib/python3.8/site-packages/rosidl_adapter/parser.py", line 276, in __init__
[4.848s]       super(Type, self).__init__(
[4.848s]     File "/opt/ros/foxy/lib/python3.8/site-packages/rosidl_adapter/parser.py", line 204, in __init__
[4.848s]       raise InvalidResourceName(
[4.848s] 
[4.849s]   rosidl_adapter.parser.InvalidResourceName: 'unit8' is an invalid message
[4.849s]   name.  It should have the pattern '^[A-Z][A-Za-z0-9]*$'
[4.849s] 
[4.849s] Call Stack (most recent call first):
[4.849s]   /opt/ros/foxy/share/rosidl_cmake/cmake/rosidl_generate_interfaces.cmake:130 (rosidl_adapt_interfaces)
[4.849s]   CMakeLists.txt:21 (rosidl_generate_interfaces)
[4.849s] 
[4.849s] 
[4.849s] -- Configuring incomplete, errors occurred!
[4.849s] See also "/home/samx/ros2_ws/build/person_msgs/CMakeFiles/CMakeOutput.log".
[4.854s] Invoked command in '/home/samx/ros2_ws/build/person_msgs' returned '1': CMAKE_PREFIX_PATH=/home/samx/ros2_ws/install/mypkg:/opt/ros/foxy /usr/bin/cmake /home/samx/ros2_ws/src/person_msgs -DCMAKE_INSTALL_PREFIX=/home/samx/ros2_ws/install/person_msgs
