[1.382s] Invoking command in '/home/samx/ros2_ws/src/mypkg': PYTHONPATH=/home/samx/ros2_ws/build/mypkg/prefix_override:/home/samx/ros2_ws/install/mypkg/lib/python3.8/site-packages:${PYTHONPATH} /usr/bin/python3 setup.py egg_info --egg-base ../../build/mypkg build --build-base /home/samx/ros2_ws/build/mypkg/build install --record /home/samx/ros2_ws/build/mypkg/install.log --install-scripts $base/lib/mypkg --single-version-externally-managed
[1.711s] running egg_info
[1.712s] writing ../../build/mypkg/mypkg.egg-info/PKG-INFO
[1.713s] writing dependency_links to ../../build/mypkg/mypkg.egg-info/dependency_links.txt
[1.713s] writing entry points to ../../build/mypkg/mypkg.egg-info/entry_points.txt
[1.713s] writing requirements to ../../build/mypkg/mypkg.egg-info/requires.txt
[1.714s] writing top-level names to ../../build/mypkg/mypkg.egg-info/top_level.txt
[1.770s] reading manifest file '../../build/mypkg/mypkg.egg-info/SOURCES.txt'
[1.771s] writing manifest file '../../build/mypkg/mypkg.egg-info/SOURCES.txt'
[1.772s] running build
[1.772s] running build_py
[1.772s] running install
[1.774s] running install_lib
[1.776s] running install_data
[1.777s] running install_egg_info
[1.780s] removing '/home/samx/ros2_ws/install/mypkg/lib/python3.8/site-packages/mypkg-0.0.0-py3.8.egg-info' (and everything under it)
[1.780s] Copying ../../build/mypkg/mypkg.egg-info to /home/samx/ros2_ws/install/mypkg/lib/python3.8/site-packages/mypkg-0.0.0-py3.8.egg-info
[1.782s] running install_scripts
[1.811s] Installing talker = mypkg.talker:mainlistener script to /home/samx/ros2_ws/install/mypkg/lib/mypkg
[1.812s] writing list of installed files to '/home/samx/ros2_ws/build/mypkg/install.log'
[1.852s] Invoked command in '/home/samx/ros2_ws/src/mypkg' returned '0': PYTHONPATH=/home/samx/ros2_ws/build/mypkg/prefix_override:/home/samx/ros2_ws/install/mypkg/lib/python3.8/site-packages:${PYTHONPATH} /usr/bin/python3 setup.py egg_info --egg-base ../../build/mypkg build --build-base /home/samx/ros2_ws/build/mypkg/build install --record /home/samx/ros2_ws/build/mypkg/install.log --install-scripts $base/lib/mypkg --single-version-externally-managed
