[1.800s] Invoking command in '/home/samx/ros2_ws/src/mypkg': PYTHONPATH=/home/samx/ros2_ws/build/mypkg/prefix_override:/home/samx/ros2_ws/install/mypkg/lib/python3.8/site-packages:${PYTHONPATH} /usr/bin/python3 setup.py egg_info --egg-base ../../build/mypkg build --build-base /home/samx/ros2_ws/build/mypkg/build install --record /home/samx/ros2_ws/build/mypkg/install.log --install-scripts $base/lib/mypkg --single-version-externally-managed
[2.089s] running egg_info
[2.090s] writing ../../build/mypkg/mypkg.egg-info/PKG-INFO
[2.090s] writing dependency_links to ../../build/mypkg/mypkg.egg-info/dependency_links.txt
[2.092s] writing entry points to ../../build/mypkg/mypkg.egg-info/entry_points.txt
[2.092s] writing requirements to ../../build/mypkg/mypkg.egg-info/requires.txt
[2.092s] writing top-level names to ../../build/mypkg/mypkg.egg-info/top_level.txt
[2.162s] reading manifest file '../../build/mypkg/mypkg.egg-info/SOURCES.txt'
[2.167s] writing manifest file '../../build/mypkg/mypkg.egg-info/SOURCES.txt'
[2.168s] running build
[2.169s] running build_py
[2.169s] copying mypkg/talker.py -> /home/samx/ros2_ws/build/mypkg/build/lib/mypkg
[2.169s] running install
[2.170s] running install_lib
[2.170s] copying /home/samx/ros2_ws/build/mypkg/build/lib/mypkg/talker.py -> /home/samx/ros2_ws/install/mypkg/lib/python3.8/site-packages/mypkg
[2.172s] byte-compiling /home/samx/ros2_ws/install/mypkg/lib/python3.8/site-packages/mypkg/talker.py to talker.cpython-38.pyc
[2.174s] running install_data
[2.176s] running install_egg_info
[2.179s] removing '/home/samx/ros2_ws/install/mypkg/lib/python3.8/site-packages/mypkg-0.0.0-py3.8.egg-info' (and everything under it)
[2.185s] Copying ../../build/mypkg/mypkg.egg-info to /home/samx/ros2_ws/install/mypkg/lib/python3.8/site-packages/mypkg-0.0.0-py3.8.egg-info
[2.194s] running install_scripts
[2.209s] Installing listener script to /home/samx/ros2_ws/install/mypkg/lib/mypkg
[2.209s] Installing talker script to /home/samx/ros2_ws/install/mypkg/lib/mypkg
[2.209s] writing list of installed files to '/home/samx/ros2_ws/build/mypkg/install.log'
[2.242s] Invoked command in '/home/samx/ros2_ws/src/mypkg' returned '0': PYTHONPATH=/home/samx/ros2_ws/build/mypkg/prefix_override:/home/samx/ros2_ws/install/mypkg/lib/python3.8/site-packages:${PYTHONPATH} /usr/bin/python3 setup.py egg_info --egg-base ../../build/mypkg build --build-base /home/samx/ros2_ws/build/mypkg/build install --record /home/samx/ros2_ws/build/mypkg/install.log --install-scripts $base/lib/mypkg --single-version-externally-managed
