[3.864s] DEBUG:colcon:Command line arguments: ['/usr/bin/colcon', 'build']
[3.864s] DEBUG:colcon:Parsed command line arguments: Namespace(allow_overriding=[], ament_cmake_args=None, base_paths=['.'], build_base='build', catkin_cmake_args=None, catkin_skip_building_tests=False, cmake_args=None, cmake_clean_cache=False, cmake_clean_first=False, cmake_force_configure=False, cmake_target=None, cmake_target_skip_unavailable=False, continue_on_error=False, event_handlers=None, executor='parallel', ignore_user_meta=False, install_base='install', log_base=None, log_level=None, main=<bound method BuildVerb.main of <colcon_core.verb.build.BuildVerb object at 0x7f4912883dc0>>, merge_install=False, metas=['./colcon.meta'], packages_above=None, packages_above_and_dependencies=None, packages_above_depth=None, packages_end=None, packages_ignore=None, packages_ignore_regex=None, packages_select=None, packages_select_build_failed=False, packages_select_by_dep=None, packages_select_regex=None, packages_select_test_failures=False, packages_skip=None, packages_skip_build_finished=False, packages_skip_by_dep=None, packages_skip_regex=None, packages_skip_test_passed=False, packages_skip_up_to=None, packages_start=None, packages_up_to=None, packages_up_to_regex=None, parallel_workers=16, paths=None, symlink_install=False, test_result_base=None, verb_extension=<colcon_core.verb.build.BuildVerb object at 0x7f4912883dc0>, verb_name='build', verb_parser=<colcon_defaults.argument_parser.defaults.DefaultArgumentsDecorator object at 0x7f49124a3d60>)
[4.074s] Level 1:colcon.colcon_core.package_discovery:discover_packages(colcon_meta) check parameters
[4.074s] Level 1:colcon.colcon_core.package_discovery:discover_packages(recursive) check parameters
[4.074s] Level 1:colcon.colcon_core.package_discovery:discover_packages(ignore) check parameters
[4.074s] Level 1:colcon.colcon_core.package_discovery:discover_packages(path) check parameters
[4.074s] Level 1:colcon.colcon_core.package_discovery:discover_packages(colcon_meta) discover
[4.075s] Level 1:colcon.colcon_core.package_discovery:discover_packages(recursive) discover
[4.075s] INFO:colcon.colcon_core.package_discovery:Crawling recursively for packages in '/home/samx/ros2_ws'
[4.075s] Level 1:colcon.colcon_core.package_identification:_identify(.) by extensions ['ignore', 'ignore_ament_install']
[4.075s] Level 1:colcon.colcon_core.package_identification:_identify(.) by extension 'ignore'
[4.075s] Level 1:colcon.colcon_core.package_identification:_identify(.) by extension 'ignore_ament_install'
[4.075s] Level 1:colcon.colcon_core.package_identification:_identify(.) by extensions ['colcon_pkg']
[4.075s] Level 1:colcon.colcon_core.package_identification:_identify(.) by extension 'colcon_pkg'
[4.075s] Level 1:colcon.colcon_core.package_identification:_identify(.) by extensions ['colcon_meta']
[4.075s] Level 1:colcon.colcon_core.package_identification:_identify(.) by extension 'colcon_meta'
[4.075s] Level 1:colcon.colcon_core.package_identification:_identify(.) by extensions ['ros']
[4.075s] Level 1:colcon.colcon_core.package_identification:_identify(.) by extension 'ros'
[4.105s] Level 1:colcon.colcon_core.package_identification:_identify(.) by extensions ['cmake', 'python']
[4.105s] Level 1:colcon.colcon_core.package_identification:_identify(.) by extension 'cmake'
[4.105s] Level 1:colcon.colcon_core.package_identification:_identify(.) by extension 'python'
[4.105s] Level 1:colcon.colcon_core.package_identification:_identify(.) by extensions ['python_setup_py']
[4.105s] Level 1:colcon.colcon_core.package_identification:_identify(.) by extension 'python_setup_py'
[4.105s] Level 1:colcon.colcon_core.package_identification:_identify(build) by extensions ['ignore', 'ignore_ament_install']
[4.105s] Level 1:colcon.colcon_core.package_identification:_identify(build) by extension 'ignore'
[4.106s] Level 1:colcon.colcon_core.package_identification:_identify(build) ignored
[4.106s] Level 1:colcon.colcon_core.package_identification:_identify(install) by extensions ['ignore', 'ignore_ament_install']
[4.106s] Level 1:colcon.colcon_core.package_identification:_identify(install) by extension 'ignore'
[4.106s] Level 1:colcon.colcon_core.package_identification:_identify(install) ignored
[4.106s] Level 1:colcon.colcon_core.package_identification:_identify(log) by extensions ['ignore', 'ignore_ament_install']
[4.106s] Level 1:colcon.colcon_core.package_identification:_identify(log) by extension 'ignore'
[4.106s] Level 1:colcon.colcon_core.package_identification:_identify(log) ignored
[4.106s] Level 1:colcon.colcon_core.package_identification:_identify(src) by extensions ['ignore', 'ignore_ament_install']
[4.106s] Level 1:colcon.colcon_core.package_identification:_identify(src) by extension 'ignore'
[4.106s] Level 1:colcon.colcon_core.package_identification:_identify(src) by extension 'ignore_ament_install'
[4.106s] Level 1:colcon.colcon_core.package_identification:_identify(src) by extensions ['colcon_pkg']
[4.107s] Level 1:colcon.colcon_core.package_identification:_identify(src) by extension 'colcon_pkg'
[4.107s] Level 1:colcon.colcon_core.package_identification:_identify(src) by extensions ['colcon_meta']
[4.107s] Level 1:colcon.colcon_core.package_identification:_identify(src) by extension 'colcon_meta'
[4.107s] Level 1:colcon.colcon_core.package_identification:_identify(src) by extensions ['ros']
[4.107s] Level 1:colcon.colcon_core.package_identification:_identify(src) by extension 'ros'
[4.107s] Level 1:colcon.colcon_core.package_identification:_identify(src) by extensions ['cmake', 'python']
[4.107s] Level 1:colcon.colcon_core.package_identification:_identify(src) by extension 'cmake'
[4.107s] Level 1:colcon.colcon_core.package_identification:_identify(src) by extension 'python'
[4.107s] Level 1:colcon.colcon_core.package_identification:_identify(src) by extensions ['python_setup_py']
[4.107s] Level 1:colcon.colcon_core.package_identification:_identify(src) by extension 'python_setup_py'
[4.107s] Level 1:colcon.colcon_core.package_identification:_identify(src/mypkg) by extensions ['ignore', 'ignore_ament_install']
[4.107s] Level 1:colcon.colcon_core.package_identification:_identify(src/mypkg) by extension 'ignore'
[4.107s] Level 1:colcon.colcon_core.package_identification:_identify(src/mypkg) by extension 'ignore_ament_install'
[4.107s] Level 1:colcon.colcon_core.package_identification:_identify(src/mypkg) by extensions ['colcon_pkg']
[4.107s] Level 1:colcon.colcon_core.package_identification:_identify(src/mypkg) by extension 'colcon_pkg'
[4.107s] Level 1:colcon.colcon_core.package_identification:_identify(src/mypkg) by extensions ['colcon_meta']
[4.107s] Level 1:colcon.colcon_core.package_identification:_identify(src/mypkg) by extension 'colcon_meta'
[4.108s] Level 1:colcon.colcon_core.package_identification:_identify(src/mypkg) by extensions ['ros']
[4.108s] Level 1:colcon.colcon_core.package_identification:_identify(src/mypkg) by extension 'ros'
[4.114s] DEBUG:colcon.colcon_core.package_identification:Package 'src/mypkg' with type 'ros.ament_python' and name 'mypkg'
[4.114s] Level 1:colcon.colcon_core.package_identification:_identify(src/person_msgs) by extensions ['ignore', 'ignore_ament_install']
[4.114s] Level 1:colcon.colcon_core.package_identification:_identify(src/person_msgs) by extension 'ignore'
[4.114s] Level 1:colcon.colcon_core.package_identification:_identify(src/person_msgs) by extension 'ignore_ament_install'
[4.114s] Level 1:colcon.colcon_core.package_identification:_identify(src/person_msgs) by extensions ['colcon_pkg']
[4.114s] Level 1:colcon.colcon_core.package_identification:_identify(src/person_msgs) by extension 'colcon_pkg'
[4.114s] Level 1:colcon.colcon_core.package_identification:_identify(src/person_msgs) by extensions ['colcon_meta']
[4.114s] Level 1:colcon.colcon_core.package_identification:_identify(src/person_msgs) by extension 'colcon_meta'
[4.114s] Level 1:colcon.colcon_core.package_identification:_identify(src/person_msgs) by extensions ['ros']
[4.114s] Level 1:colcon.colcon_core.package_identification:_identify(src/person_msgs) by extension 'ros'
[4.116s] DEBUG:colcon.colcon_core.package_identification:Package 'src/person_msgs' with type 'ros.ament_cmake' and name 'person_msgs'
[4.116s] Level 1:colcon.colcon_core.package_discovery:discover_packages(recursive) using defaults
[4.116s] Level 1:colcon.colcon_core.package_discovery:discover_packages(ignore) discover
[4.117s] Level 1:colcon.colcon_core.package_discovery:discover_packages(ignore) using defaults
[4.117s] Level 1:colcon.colcon_core.package_discovery:discover_packages(path) discover
[4.117s] Level 1:colcon.colcon_core.package_discovery:discover_packages(path) using defaults
[4.406s] Level 1:colcon.colcon_core.package_discovery:discover_packages(prefix_path) check parameters
[4.406s] Level 1:colcon.colcon_core.package_discovery:discover_packages(prefix_path) discover
[4.502s] DEBUG:colcon.colcon_installed_package_information.package_discovery:Found 2 installed packages in /home/samx/ros2_ws/install
[4.541s] DEBUG:colcon.colcon_installed_package_information.package_discovery:Found 256 installed packages in /opt/ros/foxy
[4.542s] Level 1:colcon.colcon_core.package_discovery:discover_packages(prefix_path) using defaults
[4.789s] Level 5:colcon.colcon_core.verb:set package 'mypkg' build argument 'cmake_args' from command line to 'None'
[4.789s] Level 5:colcon.colcon_core.verb:set package 'mypkg' build argument 'cmake_target' from command line to 'None'
[4.789s] Level 5:colcon.colcon_core.verb:set package 'mypkg' build argument 'cmake_target_skip_unavailable' from command line to 'False'
[4.789s] Level 5:colcon.colcon_core.verb:set package 'mypkg' build argument 'cmake_clean_cache' from command line to 'False'
[4.789s] Level 5:colcon.colcon_core.verb:set package 'mypkg' build argument 'cmake_clean_first' from command line to 'False'
[4.789s] Level 5:colcon.colcon_core.verb:set package 'mypkg' build argument 'cmake_force_configure' from command line to 'False'
[4.789s] Level 5:colcon.colcon_core.verb:set package 'mypkg' build argument 'ament_cmake_args' from command line to 'None'
[4.789s] Level 5:colcon.colcon_core.verb:set package 'mypkg' build argument 'catkin_cmake_args' from command line to 'None'
[4.789s] Level 5:colcon.colcon_core.verb:set package 'mypkg' build argument 'catkin_skip_building_tests' from command line to 'False'
[4.789s] DEBUG:colcon.colcon_core.verb:Building package 'mypkg' with the following arguments: {'ament_cmake_args': None, 'build_base': '/home/samx/ros2_ws/build/mypkg', 'catkin_cmake_args': None, 'catkin_skip_building_tests': False, 'cmake_args': None, 'cmake_clean_cache': False, 'cmake_clean_first': False, 'cmake_force_configure': False, 'cmake_target': None, 'cmake_target_skip_unavailable': False, 'install_base': '/home/samx/ros2_ws/install/mypkg', 'merge_install': False, 'path': '/home/samx/ros2_ws/src/mypkg', 'symlink_install': False, 'test_result_base': None}
[4.820s] Level 5:colcon.colcon_core.verb:set package 'person_msgs' build argument 'cmake_args' from command line to 'None'
[4.820s] Level 5:colcon.colcon_core.verb:set package 'person_msgs' build argument 'cmake_target' from command line to 'None'
[4.820s] Level 5:colcon.colcon_core.verb:set package 'person_msgs' build argument 'cmake_target_skip_unavailable' from command line to 'False'
[4.820s] Level 5:colcon.colcon_core.verb:set package 'person_msgs' build argument 'cmake_clean_cache' from command line to 'False'
[4.820s] Level 5:colcon.colcon_core.verb:set package 'person_msgs' build argument 'cmake_clean_first' from command line to 'False'
[4.820s] Level 5:colcon.colcon_core.verb:set package 'person_msgs' build argument 'cmake_force_configure' from command line to 'False'
[4.820s] Level 5:colcon.colcon_core.verb:set package 'person_msgs' build argument 'ament_cmake_args' from command line to 'None'
[4.820s] Level 5:colcon.colcon_core.verb:set package 'person_msgs' build argument 'catkin_cmake_args' from command line to 'None'
[4.820s] Level 5:colcon.colcon_core.verb:set package 'person_msgs' build argument 'catkin_skip_building_tests' from command line to 'False'
[4.820s] DEBUG:colcon.colcon_core.verb:Building package 'person_msgs' with the following arguments: {'ament_cmake_args': None, 'build_base': '/home/samx/ros2_ws/build/person_msgs', 'catkin_cmake_args': None, 'catkin_skip_building_tests': False, 'cmake_args': None, 'cmake_clean_cache': False, 'cmake_clean_first': False, 'cmake_force_configure': False, 'cmake_target': None, 'cmake_target_skip_unavailable': False, 'install_base': '/home/samx/ros2_ws/install/person_msgs', 'merge_install': False, 'path': '/home/samx/ros2_ws/src/person_msgs', 'symlink_install': False, 'test_result_base': None}
[4.850s] INFO:colcon.colcon_core.executor:Executing jobs using 'parallel' executor
[4.885s] DEBUG:colcon.colcon_parallel_executor.executor.parallel:run_until_complete
[4.885s] INFO:colcon.colcon_ros.task.ament_python.build:Building ROS package in '/home/samx/ros2_ws/src/mypkg' with build type 'ament_python'
[4.885s] Level 1:colcon.colcon_core.shell:create_environment_hook('mypkg', 'ament_prefix_path')
[4.930s] INFO:colcon.colcon_core.plugin_system:Skipping extension 'colcon_core.shell.bat': Not used on non-Windows systems
[4.931s] INFO:colcon.colcon_core.shell:Creating environment hook '/home/samx/ros2_ws/install/mypkg/share/mypkg/hook/ament_prefix_path.ps1'
[4.932s] INFO:colcon.colcon_core.shell:Creating environment descriptor '/home/samx/ros2_ws/install/mypkg/share/mypkg/hook/ament_prefix_path.dsv'
[4.933s] INFO:colcon.colcon_core.shell:Creating environment hook '/home/samx/ros2_ws/install/mypkg/share/mypkg/hook/ament_prefix_path.sh'
[4.966s] INFO:colcon.colcon_core.shell:Skip shell extension 'powershell' for command environment: Not usable outside of PowerShell
[4.966s] DEBUG:colcon.colcon_core.shell:Skip shell extension 'dsv' for command environment
[5.072s] INFO:colcon.colcon_ros.task.ament_cmake.build:Building ROS package in '/home/samx/ros2_ws/src/person_msgs' with build type 'ament_cmake'
[5.072s] INFO:colcon.colcon_cmake.task.cmake.build:Building CMake package in '/home/samx/ros2_ws/src/person_msgs'
[5.106s] INFO:colcon.colcon_core.shell:Skip shell extension 'powershell' for command environment: Not usable outside of PowerShell
[5.107s] DEBUG:colcon.colcon_core.shell:Skip shell extension 'dsv' for command environment
[5.433s] INFO:colcon.colcon_core.task.python.build:Building Python package in '/home/samx/ros2_ws/src/mypkg'
[5.468s] INFO:colcon.colcon_core.shell:Skip shell extension 'powershell' for command environment: Not usable outside of PowerShell
[5.468s] DEBUG:colcon.colcon_core.shell:Skip shell extension 'dsv' for command environment
[5.596s] DEBUG:colcon.colcon_core.event_handler.log_command:Invoking command in '/home/samx/ros2_ws/build/person_msgs': CMAKE_PREFIX_PATH=${CMAKE_PREFIX_PATH}:/home/samx/ros2_ws/install/mypkg:/opt/ros/foxy /usr/bin/cmake --build /home/samx/ros2_ws/build/person_msgs -- -j16 -l16
[5.980s] DEBUG:colcon.colcon_core.event_handler.log_command:Invoked command in '/home/samx/ros2_ws/build/person_msgs' returned '0': CMAKE_PREFIX_PATH=${CMAKE_PREFIX_PATH}:/home/samx/ros2_ws/install/mypkg:/opt/ros/foxy /usr/bin/cmake --build /home/samx/ros2_ws/build/person_msgs -- -j16 -l16
[6.051s] DEBUG:colcon.colcon_core.event_handler.log_command:Invoking command in '/home/samx/ros2_ws/build/person_msgs': CMAKE_PREFIX_PATH=${CMAKE_PREFIX_PATH}:/home/samx/ros2_ws/install/mypkg:/opt/ros/foxy /usr/bin/cmake --install /home/samx/ros2_ws/build/person_msgs
[6.132s] Level 1:colcon.colcon_core.environment:create_environment_scripts_only(person_msgs)
[6.132s] DEBUG:colcon.colcon_core.event_handler.log_command:Invoked command in '/home/samx/ros2_ws/build/person_msgs' returned '0': CMAKE_PREFIX_PATH=${CMAKE_PREFIX_PATH}:/home/samx/ros2_ws/install/mypkg:/opt/ros/foxy /usr/bin/cmake --install /home/samx/ros2_ws/build/person_msgs
[6.183s] Level 1:colcon.colcon_core.environment:checking '/home/samx/ros2_ws/install/person_msgs' for CMake module files
[6.184s] Level 1:colcon.colcon_core.environment:checking '/home/samx/ros2_ws/install/person_msgs' for CMake config files
[6.185s] Level 1:colcon.colcon_core.shell:create_environment_hook('person_msgs', 'cmake_prefix_path')
[6.218s] INFO:colcon.colcon_core.shell:Creating environment hook '/home/samx/ros2_ws/install/person_msgs/share/person_msgs/hook/cmake_prefix_path.ps1'
[6.219s] INFO:colcon.colcon_core.shell:Creating environment descriptor '/home/samx/ros2_ws/install/person_msgs/share/person_msgs/hook/cmake_prefix_path.dsv'
[6.219s] INFO:colcon.colcon_core.shell:Creating environment hook '/home/samx/ros2_ws/install/person_msgs/share/person_msgs/hook/cmake_prefix_path.sh'
[6.220s] Level 1:colcon.colcon_core.environment:checking '/home/samx/ros2_ws/install/person_msgs/lib'
[6.220s] Level 1:colcon.colcon_core.shell:create_environment_hook('person_msgs', 'ld_library_path_lib')
[6.254s] INFO:colcon.colcon_core.shell:Creating environment hook '/home/samx/ros2_ws/install/person_msgs/share/person_msgs/hook/ld_library_path_lib.ps1'
[6.255s] INFO:colcon.colcon_core.shell:Creating environment descriptor '/home/samx/ros2_ws/install/person_msgs/share/person_msgs/hook/ld_library_path_lib.dsv'
[6.255s] INFO:colcon.colcon_core.shell:Creating environment hook '/home/samx/ros2_ws/install/person_msgs/share/person_msgs/hook/ld_library_path_lib.sh'
[6.255s] Level 1:colcon.colcon_core.environment:checking '/home/samx/ros2_ws/install/person_msgs/bin'
[6.255s] Level 1:colcon.colcon_core.environment:checking '/home/samx/ros2_ws/install/person_msgs/lib/pkgconfig/person_msgs.pc'
[6.256s] Level 1:colcon.colcon_core.environment:checking '/home/samx/ros2_ws/install/person_msgs/lib/python3.8/site-packages'
[6.256s] Level 1:colcon.colcon_core.shell:create_environment_hook('person_msgs', 'pythonpath')
[6.285s] INFO:colcon.colcon_core.shell:Creating environment hook '/home/samx/ros2_ws/install/person_msgs/share/person_msgs/hook/pythonpath.ps1'
[6.286s] INFO:colcon.colcon_core.shell:Creating environment descriptor '/home/samx/ros2_ws/install/person_msgs/share/person_msgs/hook/pythonpath.dsv'
[6.286s] INFO:colcon.colcon_core.shell:Creating environment hook '/home/samx/ros2_ws/install/person_msgs/share/person_msgs/hook/pythonpath.sh'
[6.287s] Level 1:colcon.colcon_core.environment:checking '/home/samx/ros2_ws/install/person_msgs/bin'
[6.319s] INFO:colcon.colcon_core.shell:Creating package script '/home/samx/ros2_ws/install/person_msgs/share/person_msgs/package.ps1'
[6.321s] INFO:colcon.colcon_core.shell:Creating package descriptor '/home/samx/ros2_ws/install/person_msgs/share/person_msgs/package.dsv'
[6.322s] INFO:colcon.colcon_core.shell:Creating package script '/home/samx/ros2_ws/install/person_msgs/share/person_msgs/package.sh'
[6.323s] INFO:colcon.colcon_core.shell:Creating package script '/home/samx/ros2_ws/install/person_msgs/share/person_msgs/package.bash'
[6.325s] INFO:colcon.colcon_core.shell:Creating package script '/home/samx/ros2_ws/install/person_msgs/share/person_msgs/package.zsh'
[6.327s] Level 1:colcon.colcon_core.environment:create_file_with_runtime_dependencies(/home/samx/ros2_ws/install/person_msgs/share/colcon-core/packages/person_msgs)
[6.335s] DEBUG:colcon.colcon_core.event_handler.log_command:Invoking command in '/home/samx/ros2_ws/src/mypkg': PYTHONPATH=/home/samx/ros2_ws/build/mypkg/prefix_override:/home/samx/ros2_ws/install/mypkg/lib/python3.8/site-packages:${PYTHONPATH} /usr/bin/python3 setup.py egg_info --egg-base ../../build/mypkg build --build-base /home/samx/ros2_ws/build/mypkg/build install --record /home/samx/ros2_ws/build/mypkg/install.log --install-scripts $base/lib/mypkg --single-version-externally-managed
[6.416s] Level 1:colcon.colcon_core.environment:create_environment_scripts_only(person_msgs)
[6.455s] Level 1:colcon.colcon_core.environment:checking '/home/samx/ros2_ws/install/person_msgs' for CMake module files
[6.456s] Level 1:colcon.colcon_core.environment:checking '/home/samx/ros2_ws/install/person_msgs' for CMake config files
[6.456s] Level 1:colcon.colcon_core.shell:create_environment_hook('person_msgs', 'cmake_prefix_path')
[6.490s] INFO:colcon.colcon_core.shell:Creating environment hook '/home/samx/ros2_ws/install/person_msgs/share/person_msgs/hook/cmake_prefix_path.ps1'
[6.491s] INFO:colcon.colcon_core.shell:Creating environment descriptor '/home/samx/ros2_ws/install/person_msgs/share/person_msgs/hook/cmake_prefix_path.dsv'
[6.491s] INFO:colcon.colcon_core.shell:Creating environment hook '/home/samx/ros2_ws/install/person_msgs/share/person_msgs/hook/cmake_prefix_path.sh'
[6.492s] Level 1:colcon.colcon_core.environment:checking '/home/samx/ros2_ws/install/person_msgs/lib'
[6.492s] Level 1:colcon.colcon_core.shell:create_environment_hook('person_msgs', 'ld_library_path_lib')
[6.528s] INFO:colcon.colcon_core.shell:Creating environment hook '/home/samx/ros2_ws/install/person_msgs/share/person_msgs/hook/ld_library_path_lib.ps1'
[6.528s] INFO:colcon.colcon_core.shell:Creating environment descriptor '/home/samx/ros2_ws/install/person_msgs/share/person_msgs/hook/ld_library_path_lib.dsv'
[6.529s] INFO:colcon.colcon_core.shell:Creating environment hook '/home/samx/ros2_ws/install/person_msgs/share/person_msgs/hook/ld_library_path_lib.sh'
[6.529s] Level 1:colcon.colcon_core.environment:checking '/home/samx/ros2_ws/install/person_msgs/bin'
[6.529s] Level 1:colcon.colcon_core.environment:checking '/home/samx/ros2_ws/install/person_msgs/lib/pkgconfig/person_msgs.pc'
[6.530s] Level 1:colcon.colcon_core.environment:checking '/home/samx/ros2_ws/install/person_msgs/lib/python3.8/site-packages'
[6.530s] Level 1:colcon.colcon_core.shell:create_environment_hook('person_msgs', 'pythonpath')
[6.566s] INFO:colcon.colcon_core.shell:Creating environment hook '/home/samx/ros2_ws/install/person_msgs/share/person_msgs/hook/pythonpath.ps1'
[6.566s] INFO:colcon.colcon_core.shell:Creating environment descriptor '/home/samx/ros2_ws/install/person_msgs/share/person_msgs/hook/pythonpath.dsv'
[6.567s] INFO:colcon.colcon_core.shell:Creating environment hook '/home/samx/ros2_ws/install/person_msgs/share/person_msgs/hook/pythonpath.sh'
[6.568s] Level 1:colcon.colcon_core.environment:checking '/home/samx/ros2_ws/install/person_msgs/bin'
[6.614s] INFO:colcon.colcon_core.shell:Creating package script '/home/samx/ros2_ws/install/person_msgs/share/person_msgs/package.ps1'
[6.614s] INFO:colcon.colcon_core.shell:Creating package descriptor '/home/samx/ros2_ws/install/person_msgs/share/person_msgs/package.dsv'
[6.615s] INFO:colcon.colcon_core.shell:Creating package script '/home/samx/ros2_ws/install/person_msgs/share/person_msgs/package.sh'
[6.616s] INFO:colcon.colcon_core.shell:Creating package script '/home/samx/ros2_ws/install/person_msgs/share/person_msgs/package.bash'
[6.616s] INFO:colcon.colcon_core.shell:Creating package script '/home/samx/ros2_ws/install/person_msgs/share/person_msgs/package.zsh'
[6.617s] Level 1:colcon.colcon_core.environment:create_file_with_runtime_dependencies(/home/samx/ros2_ws/install/person_msgs/share/colcon-core/packages/person_msgs)
[6.658s] DEBUG:colcon.colcon_core.event_handler.log_command:Invoked command in '/home/samx/ros2_ws/src/mypkg' returned '0': PYTHONPATH=/home/samx/ros2_ws/build/mypkg/prefix_override:/home/samx/ros2_ws/install/mypkg/lib/python3.8/site-packages:${PYTHONPATH} /usr/bin/python3 setup.py egg_info --egg-base ../../build/mypkg build --build-base /home/samx/ros2_ws/build/mypkg/build install --record /home/samx/ros2_ws/build/mypkg/install.log --install-scripts $base/lib/mypkg --single-version-externally-managed
[6.693s] Level 1:colcon.colcon_core.environment:checking '/home/samx/ros2_ws/install/mypkg' for CMake module files
[6.694s] Level 1:colcon.colcon_core.environment:checking '/home/samx/ros2_ws/install/mypkg' for CMake config files
[6.694s] Level 1:colcon.colcon_core.environment:checking '/home/samx/ros2_ws/install/mypkg/lib'
[6.694s] Level 1:colcon.colcon_core.environment:checking '/home/samx/ros2_ws/install/mypkg/bin'
[6.694s] Level 1:colcon.colcon_core.environment:checking '/home/samx/ros2_ws/install/mypkg/lib/pkgconfig/mypkg.pc'
[6.694s] Level 1:colcon.colcon_core.environment:checking '/home/samx/ros2_ws/install/mypkg/lib/python3.8/site-packages'
[6.695s] Level 1:colcon.colcon_core.shell:create_environment_hook('mypkg', 'pythonpath')
[6.728s] INFO:colcon.colcon_core.shell:Creating environment hook '/home/samx/ros2_ws/install/mypkg/share/mypkg/hook/pythonpath.ps1'
[6.729s] INFO:colcon.colcon_core.shell:Creating environment descriptor '/home/samx/ros2_ws/install/mypkg/share/mypkg/hook/pythonpath.dsv'
[6.729s] INFO:colcon.colcon_core.shell:Creating environment hook '/home/samx/ros2_ws/install/mypkg/share/mypkg/hook/pythonpath.sh'
[6.730s] Level 1:colcon.colcon_core.environment:checking '/home/samx/ros2_ws/install/mypkg/bin'
[6.730s] Level 1:colcon.colcon_core.environment:create_environment_scripts_only(mypkg)
[6.762s] INFO:colcon.colcon_core.shell:Creating package script '/home/samx/ros2_ws/install/mypkg/share/mypkg/package.ps1'
[6.762s] INFO:colcon.colcon_core.shell:Creating package descriptor '/home/samx/ros2_ws/install/mypkg/share/mypkg/package.dsv'
[6.763s] INFO:colcon.colcon_core.shell:Creating package script '/home/samx/ros2_ws/install/mypkg/share/mypkg/package.sh'
[6.763s] INFO:colcon.colcon_core.shell:Creating package script '/home/samx/ros2_ws/install/mypkg/share/mypkg/package.bash'
[6.764s] INFO:colcon.colcon_core.shell:Creating package script '/home/samx/ros2_ws/install/mypkg/share/mypkg/package.zsh'
[6.764s] Level 1:colcon.colcon_core.environment:create_file_with_runtime_dependencies(/home/samx/ros2_ws/install/mypkg/share/colcon-core/packages/mypkg)
[6.764s] DEBUG:colcon.colcon_parallel_executor.executor.parallel:closing loop
[6.765s] DEBUG:colcon.colcon_parallel_executor.executor.parallel:loop closed
[6.766s] DEBUG:colcon.colcon_parallel_executor.executor.parallel:run_until_complete finished with '0'
[6.766s] DEBUG:colcon.colcon_core.event_reactor:joining thread
[6.872s] INFO:colcon.colcon_core.plugin_system:Skipping extension 'colcon_notification.desktop_notification.notify_send': Could not find 'notify-send'
[6.872s] INFO:colcon.colcon_core.plugin_system:Skipping extension 'colcon_notification.desktop_notification.terminal_notifier': Not used on non-Darwin systems
[6.872s] INFO:colcon.colcon_core.plugin_system:Skipping extension 'colcon_notification.desktop_notification.win32': Not used on non-Windows systems
[6.872s] INFO:colcon.colcon_notification.desktop_notification:Sending desktop notification using 'notify2'
[12.838s] DEBUG:colcon.colcon_notification.desktop_notification.notify2:Failed to initialize notify2: org.freedesktop.DBus.Error.ServiceUnknown: The name org.freedesktop.Notifications was not provided by any .service files
[12.838s] DEBUG:colcon.colcon_core.event_reactor:joined thread
[12.890s] INFO:colcon.colcon_core.shell:Creating prefix script '/home/samx/ros2_ws/install/local_setup.ps1'
[12.892s] INFO:colcon.colcon_core.shell:Creating prefix util module '/home/samx/ros2_ws/install/_local_setup_util_ps1.py'
[12.895s] INFO:colcon.colcon_core.shell:Creating prefix chain script '/home/samx/ros2_ws/install/setup.ps1'
[12.945s] INFO:colcon.colcon_core.shell:Creating prefix script '/home/samx/ros2_ws/install/local_setup.sh'
[12.946s] INFO:colcon.colcon_core.shell:Creating prefix util module '/home/samx/ros2_ws/install/_local_setup_util_sh.py'
[12.947s] INFO:colcon.colcon_core.shell:Creating prefix chain script '/home/samx/ros2_ws/install/setup.sh'
[13.007s] INFO:colcon.colcon_core.shell:Creating prefix script '/home/samx/ros2_ws/install/local_setup.bash'
[13.008s] INFO:colcon.colcon_core.shell:Creating prefix chain script '/home/samx/ros2_ws/install/setup.bash'
[13.075s] INFO:colcon.colcon_core.shell:Creating prefix script '/home/samx/ros2_ws/install/local_setup.zsh'
[13.077s] INFO:colcon.colcon_core.shell:Creating prefix chain script '/home/samx/ros2_ws/install/setup.zsh'
