[0.611s] Invoking command in '/home/samx/ros2_ws/build/person_msgs': CMAKE_PREFIX_PATH=${CMAKE_PREFIX_PATH}:/home/samx/ros2_ws/install/mypkg:/opt/ros/foxy /usr/bin/cmake --build /home/samx/ros2_ws/build/person_msgs -- -j16 -l16
[0.678s] [  9%] Built target person_msgs__rosidl_generator_c
[0.680s] [ 12%] Built target person_msgs__cpp
[0.710s] [ 22%] Built target person_msgs__rosidl_typesupport_c
[0.711s] [ 38%] Built target person_msgs__rosidl_typesupport_cpp
[0.711s] [ 41%] Built target person_msgs__rosidl_typesupport_introspection_c
[0.712s] [ 51%] Built target person_msgs__rosidl_typesupport_introspection_cpp
[0.717s] [ 61%] Built target person_msgs__rosidl_typesupport_fastrtps_cpp
[0.746s] [ 70%] Built target person_msgs__rosidl_typesupport_fastrtps_c
[0.768s] [ 70%] Built target person_msgs
[0.791s] [ 74%] Built target person_msgs__py
[0.820s] [ 80%] Built target person_msgs__python
[0.851s] [ 87%] Built target person_msgs__rosidl_typesupport_fastrtps_c__pyext
[0.852s] [ 93%] Built target person_msgs__rosidl_typesupport_c__pyext
[0.855s] [100%] Built target person_msgs__rosidl_typesupport_introspection_c__pyext
[0.869s] Invoked command in '/home/samx/ros2_ws/build/person_msgs' returned '0': CMAKE_PREFIX_PATH=${CMAKE_PREFIX_PATH}:/home/samx/ros2_ws/install/mypkg:/opt/ros/foxy /usr/bin/cmake --build /home/samx/ros2_ws/build/person_msgs -- -j16 -l16
[0.943s] Invoking command in '/home/samx/ros2_ws/build/person_msgs': CMAKE_PREFIX_PATH=${CMAKE_PREFIX_PATH}:/home/samx/ros2_ws/install/mypkg:/opt/ros/foxy /usr/bin/cmake --install /home/samx/ros2_ws/build/person_msgs
[0.954s] -- Install configuration: ""
[0.954s] -- Up-to-date: /home/samx/ros2_ws/install/person_msgs/share/ament_index/resource_index/rosidl_interfaces/person_msgs
[0.955s] -- Up-to-date: /home/samx/ros2_ws/install/person_msgs/include/person_msgs
[0.955s] -- Up-to-date: /home/samx/ros2_ws/install/person_msgs/include/person_msgs/msg
[0.955s] -- Up-to-date: /home/samx/ros2_ws/install/person_msgs/include/person_msgs/msg/person.h
[0.955s] -- Up-to-date: /home/samx/ros2_ws/install/person_msgs/include/person_msgs/msg/rosidl_generator_c__visibility_control.h
[0.955s] -- Up-to-date: /home/samx/ros2_ws/install/person_msgs/include/person_msgs/msg/detail
[0.956s] -- Up-to-date: /home/samx/ros2_ws/install/person_msgs/include/person_msgs/msg/detail/person__functions.c
[0.956s] -- Up-to-date: /home/samx/ros2_ws/install/person_msgs/include/person_msgs/msg/detail/person__type_support.h
[0.956s] -- Up-to-date: /home/samx/ros2_ws/install/person_msgs/include/person_msgs/msg/detail/person__functions.h
[0.957s] -- Up-to-date: /home/samx/ros2_ws/install/person_msgs/include/person_msgs/msg/detail/person__struct.h
[0.957s] -- Up-to-date: /home/samx/ros2_ws/install/person_msgs/share/person_msgs/environment/library_path.sh
[0.957s] -- Up-to-date: /home/samx/ros2_ws/install/person_msgs/share/person_msgs/environment/library_path.dsv
[0.957s] -- Up-to-date: /home/samx/ros2_ws/install/person_msgs/lib/libperson_msgs__rosidl_generator_c.so
[0.958s] -- Up-to-date: /home/samx/ros2_ws/install/person_msgs/include/person_msgs
[0.958s] -- Up-to-date: /home/samx/ros2_ws/install/person_msgs/include/person_msgs/msg
[0.958s] -- Up-to-date: /home/samx/ros2_ws/install/person_msgs/include/person_msgs/msg/rosidl_typesupport_fastrtps_c__visibility_control.h
[0.958s] -- Up-to-date: /home/samx/ros2_ws/install/person_msgs/include/person_msgs/msg/detail
[0.959s] -- Up-to-date: /home/samx/ros2_ws/install/person_msgs/include/person_msgs/msg/detail/person__rosidl_typesupport_fastrtps_c.h
[0.959s] -- Up-to-date: /home/samx/ros2_ws/install/person_msgs/lib/libperson_msgs__rosidl_typesupport_fastrtps_c.so
[0.960s] -- Up-to-date: /home/samx/ros2_ws/install/person_msgs/include/person_msgs
[0.960s] -- Up-to-date: /home/samx/ros2_ws/install/person_msgs/include/person_msgs/msg
[0.960s] -- Up-to-date: /home/samx/ros2_ws/install/person_msgs/include/person_msgs/msg/rosidl_typesupport_fastrtps_cpp__visibility_control.h
[0.960s] -- Up-to-date: /home/samx/ros2_ws/install/person_msgs/include/person_msgs/msg/detail
[0.961s] -- Up-to-date: /home/samx/ros2_ws/install/person_msgs/include/person_msgs/msg/detail/dds_fastrtps
[0.961s] -- Up-to-date: /home/samx/ros2_ws/install/person_msgs/include/person_msgs/msg/detail/person__rosidl_typesupport_fastrtps_cpp.hpp
[0.961s] -- Up-to-date: /home/samx/ros2_ws/install/person_msgs/lib/libperson_msgs__rosidl_typesupport_fastrtps_cpp.so
[0.962s] -- Up-to-date: /home/samx/ros2_ws/install/person_msgs/include/person_msgs
[0.962s] -- Up-to-date: /home/samx/ros2_ws/install/person_msgs/include/person_msgs/msg
[0.962s] -- Up-to-date: /home/samx/ros2_ws/install/person_msgs/include/person_msgs/msg/rosidl_typesupport_introspection_c__visibility_control.h
[0.962s] -- Up-to-date: /home/samx/ros2_ws/install/person_msgs/include/person_msgs/msg/detail
[0.962s] -- Up-to-date: /home/samx/ros2_ws/install/person_msgs/include/person_msgs/msg/detail/person__type_support.c
[0.962s] -- Up-to-date: /home/samx/ros2_ws/install/person_msgs/include/person_msgs/msg/detail/person__rosidl_typesupport_introspection_c.h
[0.962s] -- Up-to-date: /home/samx/ros2_ws/install/person_msgs/lib/libperson_msgs__rosidl_typesupport_introspection_c.so
[0.963s] -- Up-to-date: /home/samx/ros2_ws/install/person_msgs/lib/libperson_msgs__rosidl_typesupport_c.so
[0.963s] -- Up-to-date: /home/samx/ros2_ws/install/person_msgs/include/person_msgs
[0.963s] -- Up-to-date: /home/samx/ros2_ws/install/person_msgs/include/person_msgs/msg
[0.963s] -- Up-to-date: /home/samx/ros2_ws/install/person_msgs/include/person_msgs/msg/person.hpp
[0.963s] -- Up-to-date: /home/samx/ros2_ws/install/person_msgs/include/person_msgs/msg/rosidl_generator_cpp__visibility_control.hpp
[0.963s] -- Up-to-date: /home/samx/ros2_ws/install/person_msgs/include/person_msgs/msg/detail
[0.963s] -- Up-to-date: /home/samx/ros2_ws/install/person_msgs/include/person_msgs/msg/detail/person__builder.hpp
[0.963s] -- Up-to-date: /home/samx/ros2_ws/install/person_msgs/include/person_msgs/msg/detail/person__type_support.hpp
[0.963s] -- Up-to-date: /home/samx/ros2_ws/install/person_msgs/include/person_msgs/msg/detail/person__traits.hpp
[0.963s] -- Up-to-date: /home/samx/ros2_ws/install/person_msgs/include/person_msgs/msg/detail/person__struct.hpp
[0.963s] -- Up-to-date: /home/samx/ros2_ws/install/person_msgs/include/person_msgs
[0.963s] -- Up-to-date: /home/samx/ros2_ws/install/person_msgs/include/person_msgs/msg
[0.963s] -- Up-to-date: /home/samx/ros2_ws/install/person_msgs/include/person_msgs/msg/detail
[0.964s] -- Up-to-date: /home/samx/ros2_ws/install/person_msgs/include/person_msgs/msg/detail/person__rosidl_typesupport_introspection_cpp.hpp
[0.964s] -- Up-to-date: /home/samx/ros2_ws/install/person_msgs/include/person_msgs/msg/detail/person__type_support.cpp
[0.964s] -- Up-to-date: /home/samx/ros2_ws/install/person_msgs/lib/libperson_msgs__rosidl_typesupport_introspection_cpp.so
[0.964s] -- Up-to-date: /home/samx/ros2_ws/install/person_msgs/lib/libperson_msgs__rosidl_typesupport_cpp.so
[0.964s] -- Up-to-date: /home/samx/ros2_ws/install/person_msgs/share/person_msgs/environment/pythonpath.sh
[0.964s] -- Up-to-date: /home/samx/ros2_ws/install/person_msgs/share/person_msgs/environment/pythonpath.dsv
[0.964s] -- Up-to-date: /home/samx/ros2_ws/install/person_msgs/lib/python3.8/site-packages/person_msgs/__init__.py
[1.002s] -- Up-to-date: /home/samx/ros2_ws/install/person_msgs/lib/python3.8/site-packages/person_msgs/msg
[1.002s] -- Up-to-date: /home/samx/ros2_ws/install/person_msgs/lib/python3.8/site-packages/person_msgs/msg/_person.py
[1.002s] -- Up-to-date: /home/samx/ros2_ws/install/person_msgs/lib/python3.8/site-packages/person_msgs/msg/_person_s.c
[1.002s] -- Up-to-date: /home/samx/ros2_ws/install/person_msgs/lib/python3.8/site-packages/person_msgs/msg/__init__.py
[1.002s] -- Up-to-date: /home/samx/ros2_ws/install/person_msgs/lib/python3.8/site-packages/person_msgs/person_msgs_s__rosidl_typesupport_fastrtps_c.cpython-38-x86_64-linux-gnu.so
[1.003s] -- Up-to-date: /home/samx/ros2_ws/install/person_msgs/lib/python3.8/site-packages/person_msgs/person_msgs_s__rosidl_typesupport_introspection_c.cpython-38-x86_64-linux-gnu.so
[1.004s] -- Up-to-date: /home/samx/ros2_ws/install/person_msgs/lib/python3.8/site-packages/person_msgs/person_msgs_s__rosidl_typesupport_c.cpython-38-x86_64-linux-gnu.so
[1.005s] -- Up-to-date: /home/samx/ros2_ws/install/person_msgs/lib/libperson_msgs__python.so
[1.005s] -- Up-to-date: /home/samx/ros2_ws/install/person_msgs/share/person_msgs/msg/Person.idl
[1.005s] -- Up-to-date: /home/samx/ros2_ws/install/person_msgs/share/person_msgs/msg/Person.msg
[1.006s] -- Up-to-date: /home/samx/ros2_ws/install/person_msgs/share/ament_index/resource_index/package_run_dependencies/person_msgs
[1.006s] -- Up-to-date: /home/samx/ros2_ws/install/person_msgs/share/ament_index/resource_index/parent_prefix_path/person_msgs
[1.006s] -- Up-to-date: /home/samx/ros2_ws/install/person_msgs/share/person_msgs/environment/ament_prefix_path.sh
[1.007s] -- Up-to-date: /home/samx/ros2_ws/install/person_msgs/share/person_msgs/environment/ament_prefix_path.dsv
[1.007s] -- Up-to-date: /home/samx/ros2_ws/install/person_msgs/share/person_msgs/environment/path.sh
[1.007s] -- Up-to-date: /home/samx/ros2_ws/install/person_msgs/share/person_msgs/environment/path.dsv
[1.007s] -- Up-to-date: /home/samx/ros2_ws/install/person_msgs/share/person_msgs/local_setup.bash
[1.008s] -- Up-to-date: /home/samx/ros2_ws/install/person_msgs/share/person_msgs/local_setup.sh
[1.008s] -- Up-to-date: /home/samx/ros2_ws/install/person_msgs/share/person_msgs/local_setup.zsh
[1.008s] -- Up-to-date: /home/samx/ros2_ws/install/person_msgs/share/person_msgs/local_setup.dsv
[1.009s] -- Installing: /home/samx/ros2_ws/install/person_msgs/share/person_msgs/package.dsv
[1.009s] -- Up-to-date: /home/samx/ros2_ws/install/person_msgs/share/ament_index/resource_index/packages/person_msgs
[1.009s] -- Up-to-date: /home/samx/ros2_ws/install/person_msgs/share/person_msgs/cmake/person_msgs__rosidl_generator_cExport.cmake
[1.010s] -- Up-to-date: /home/samx/ros2_ws/install/person_msgs/share/person_msgs/cmake/person_msgs__rosidl_generator_cExport-noconfig.cmake
[1.010s] -- Up-to-date: /home/samx/ros2_ws/install/person_msgs/share/person_msgs/cmake/person_msgs__rosidl_typesupport_introspection_cExport.cmake
[1.010s] -- Up-to-date: /home/samx/ros2_ws/install/person_msgs/share/person_msgs/cmake/person_msgs__rosidl_typesupport_introspection_cExport-noconfig.cmake
[1.010s] -- Up-to-date: /home/samx/ros2_ws/install/person_msgs/share/person_msgs/cmake/person_msgs__rosidl_typesupport_cExport.cmake
[1.011s] -- Up-to-date: /home/samx/ros2_ws/install/person_msgs/share/person_msgs/cmake/person_msgs__rosidl_typesupport_cExport-noconfig.cmake
[1.011s] -- Up-to-date: /home/samx/ros2_ws/install/person_msgs/share/person_msgs/cmake/person_msgs__rosidl_generator_cppExport.cmake
[1.011s] -- Up-to-date: /home/samx/ros2_ws/install/person_msgs/share/person_msgs/cmake/person_msgs__rosidl_typesupport_introspection_cppExport.cmake
[1.011s] -- Up-to-date: /home/samx/ros2_ws/install/person_msgs/share/person_msgs/cmake/person_msgs__rosidl_typesupport_introspection_cppExport-noconfig.cmake
[1.011s] -- Up-to-date: /home/samx/ros2_ws/install/person_msgs/share/person_msgs/cmake/person_msgs__rosidl_typesupport_cppExport.cmake
[1.011s] -- Up-to-date: /home/samx/ros2_ws/install/person_msgs/share/person_msgs/cmake/person_msgs__rosidl_typesupport_cppExport-noconfig.cmake
[1.012s] -- Up-to-date: /home/samx/ros2_ws/install/person_msgs/share/person_msgs/cmake/rosidl_cmake-extras.cmake
[1.012s] -- Up-to-date: /home/samx/ros2_ws/install/person_msgs/share/person_msgs/cmake/ament_cmake_export_dependencies-extras.cmake
[1.012s] -- Up-to-date: /home/samx/ros2_ws/install/person_msgs/share/person_msgs/cmake/ament_cmake_export_libraries-extras.cmake
[1.012s] -- Up-to-date: /home/samx/ros2_ws/install/person_msgs/share/person_msgs/cmake/ament_cmake_export_targets-extras.cmake
[1.014s] -- Up-to-date: /home/samx/ros2_ws/install/person_msgs/share/person_msgs/cmake/ament_cmake_export_include_directories-extras.cmake
[1.014s] -- Up-to-date: /home/samx/ros2_ws/install/person_msgs/share/person_msgs/cmake/rosidl_cmake_export_typesupport_libraries-extras.cmake
[1.015s] -- Up-to-date: /home/samx/ros2_ws/install/person_msgs/share/person_msgs/cmake/rosidl_cmake_export_typesupport_targets-extras.cmake
[1.015s] -- Up-to-date: /home/samx/ros2_ws/install/person_msgs/share/person_msgs/cmake/person_msgsConfig.cmake
[1.015s] -- Up-to-date: /home/samx/ros2_ws/install/person_msgs/share/person_msgs/cmake/person_msgsConfig-version.cmake
[1.015s] -- Up-to-date: /home/samx/ros2_ws/install/person_msgs/share/person_msgs/package.xml
[1.016s] Invoked command in '/home/samx/ros2_ws/build/person_msgs' returned '0': CMAKE_PREFIX_PATH=${CMAKE_PREFIX_PATH}:/home/samx/ros2_ws/install/mypkg:/opt/ros/foxy /usr/bin/cmake --install /home/samx/ros2_ws/build/person_msgs
