[1.488s] Invoking command in '/home/samx/ros2_ws/src/mypkg': PYTHONPATH=/home/samx/ros2_ws/build/mypkg/prefix_override:/home/samx/ros2_ws/install/mypkg/lib/python3.8/site-packages:${PYTHONPATH} /usr/bin/python3 setup.py egg_info --egg-base ../../build/mypkg build --build-base /home/samx/ros2_ws/build/mypkg/build install --record /home/samx/ros2_ws/build/mypkg/install.log --install-scripts $base/lib/mypkg --single-version-externally-managed
[1.751s] running egg_info
[1.751s] writing ../../build/mypkg/mypkg.egg-info/PKG-INFO
[1.753s] writing dependency_links to ../../build/mypkg/mypkg.egg-info/dependency_links.txt
[1.753s] writing entry points to ../../build/mypkg/mypkg.egg-info/entry_points.txt
[1.759s] writing requirements to ../../build/mypkg/mypkg.egg-info/requires.txt
[1.759s] writing top-level names to ../../build/mypkg/mypkg.egg-info/top_level.txt
[1.807s] reading manifest file '../../build/mypkg/mypkg.egg-info/SOURCES.txt'
[1.808s] writing manifest file '../../build/mypkg/mypkg.egg-info/SOURCES.txt'
[1.808s] running build
[1.811s] running build_py
[1.811s] copying mypkg/talker.py -> /home/samx/ros2_ws/build/mypkg/build/lib/mypkg
[1.811s] running install
[1.812s] running install_lib
[1.812s] copying /home/samx/ros2_ws/build/mypkg/build/lib/mypkg/talker.py -> /home/samx/ros2_ws/install/mypkg/lib/python3.8/site-packages/mypkg
[1.812s] byte-compiling /home/samx/ros2_ws/install/mypkg/lib/python3.8/site-packages/mypkg/talker.py to talker.cpython-38.pyc
[1.816s] running install_data
[1.816s] running install_egg_info
[1.816s] removing '/home/samx/ros2_ws/install/mypkg/lib/python3.8/site-packages/mypkg-0.0.0-py3.8.egg-info' (and everything under it)
[1.828s] Copying ../../build/mypkg/mypkg.egg-info to /home/samx/ros2_ws/install/mypkg/lib/python3.8/site-packages/mypkg-0.0.0-py3.8.egg-info
[1.831s] running install_scripts
[1.842s] Installing talker = mypkg.talker:mainlistener script to /home/samx/ros2_ws/install/mypkg/lib/mypkg
[1.847s] writing list of installed files to '/home/samx/ros2_ws/build/mypkg/install.log'
[1.875s] Invoked command in '/home/samx/ros2_ws/src/mypkg' returned '0': PYTHONPATH=/home/samx/ros2_ws/build/mypkg/prefix_override:/home/samx/ros2_ws/install/mypkg/lib/python3.8/site-packages:${PYTHONPATH} /usr/bin/python3 setup.py egg_info --egg-base ../../build/mypkg build --build-base /home/samx/ros2_ws/build/mypkg/build install --record /home/samx/ros2_ws/build/mypkg/install.log --install-scripts $base/lib/mypkg --single-version-externally-managed
